2022-01-02 23:56:35,216 [main] INFO  com.jzj.core.CoreApplication [Line:655] - The following profiles are active: dev
2022-01-02 23:56:38,205 [main] INFO  o.s.d.r.c.RepositoryConfigurationDelegate [Line:249] - Multiple Spring Data modules found, entering strict repository configuration mode!
2022-01-02 23:56:38,207 [main] INFO  o.s.d.r.c.RepositoryConfigurationDelegate [Line:127] - Bootstrapping Spring Data Redis repositories in DEFAULT mode.
2022-01-02 23:56:38,241 [main] INFO  o.s.d.r.c.RepositoryConfigurationDelegate [Line:187] - Finished Spring Data repository scanning in 14ms. Found 0 Redis repository interfaces.
2022-01-02 23:56:38,519 [main] WARN  o.m.s.mapper.ClassPathMapperScanner [Line:44 ] - Skipping MapperFactoryBean with name 'dictMapper' and 'com.jzj.core.mapper.DictMapper' mapperInterface. Bean already defined with the same name!
2022-01-02 23:56:38,520 [main] WARN  o.m.s.mapper.ClassPathMapperScanner [Line:44 ] - Skipping MapperFactoryBean with name 'eduPaperMapper' and 'com.jzj.core.mapper.EduPaperMapper' mapperInterface. Bean already defined with the same name!
2022-01-02 23:56:38,520 [main] WARN  o.m.s.mapper.ClassPathMapperScanner [Line:44 ] - Skipping MapperFactoryBean with name 'eduPaperTopicMapper' and 'com.jzj.core.mapper.EduPaperTopicMapper' mapperInterface. Bean already defined with the same name!
2022-01-02 23:56:38,520 [main] WARN  o.m.s.mapper.ClassPathMapperScanner [Line:44 ] - Skipping MapperFactoryBean with name 'eduStatisticsMapper' and 'com.jzj.core.mapper.EduStatisticsMapper' mapperInterface. Bean already defined with the same name!
2022-01-02 23:56:38,520 [main] WARN  o.m.s.mapper.ClassPathMapperScanner [Line:44 ] - Skipping MapperFactoryBean with name 'eduSubjectMapper' and 'com.jzj.core.mapper.EduSubjectMapper' mapperInterface. Bean already defined with the same name!
2022-01-02 23:56:38,520 [main] WARN  o.m.s.mapper.ClassPathMapperScanner [Line:44 ] - Skipping MapperFactoryBean with name 'eduTestPaperRecordsMapper' and 'com.jzj.core.mapper.EduTestPaperRecordsMapper' mapperInterface. Bean already defined with the same name!
2022-01-02 23:56:38,520 [main] WARN  o.m.s.mapper.ClassPathMapperScanner [Line:44 ] - Skipping MapperFactoryBean with name 'eduTestTopicRecordsMapper' and 'com.jzj.core.mapper.EduTestTopicRecordsMapper' mapperInterface. Bean already defined with the same name!
2022-01-02 23:56:38,520 [main] WARN  o.m.s.mapper.ClassPathMapperScanner [Line:44 ] - Skipping MapperFactoryBean with name 'eduTopicContentMapper' and 'com.jzj.core.mapper.EduTopicContentMapper' mapperInterface. Bean already defined with the same name!
2022-01-02 23:56:38,520 [main] WARN  o.m.s.mapper.ClassPathMapperScanner [Line:44 ] - Skipping MapperFactoryBean with name 'eduTopicMapper' and 'com.jzj.core.mapper.EduTopicMapper' mapperInterface. Bean already defined with the same name!
2022-01-02 23:56:38,520 [main] WARN  o.m.s.mapper.ClassPathMapperScanner [Line:44 ] - Skipping MapperFactoryBean with name 'noticeMessageMapper' and 'com.jzj.core.mapper.NoticeMessageMapper' mapperInterface. Bean already defined with the same name!
2022-01-02 23:56:38,520 [main] WARN  o.m.s.mapper.ClassPathMapperScanner [Line:44 ] - Skipping MapperFactoryBean with name 'ucenterMemberMapper' and 'com.jzj.core.mapper.UcenterMemberMapper' mapperInterface. Bean already defined with the same name!
2022-01-02 23:56:38,521 [main] WARN  o.m.s.mapper.ClassPathMapperScanner [Line:44 ] - Skipping MapperFactoryBean with name 'webConfigMapper' and 'com.jzj.core.mapper.WebConfigMapper' mapperInterface. Bean already defined with the same name!
2022-01-02 23:56:38,521 [main] WARN  o.m.s.mapper.ClassPathMapperScanner [Line:44 ] - Skipping MapperFactoryBean with name 'webLogMapper' and 'com.jzj.core.mapper.WebLogMapper' mapperInterface. Bean already defined with the same name!
2022-01-02 23:56:38,521 [main] WARN  o.m.s.mapper.ClassPathMapperScanner [Line:44 ] - No MyBatis mapper was found in '[com.jzj.core.mapper]' package. Please check your configuration.
2022-01-02 23:56:38,614 [main] INFO  o.s.cloud.context.scope.GenericScope [Line:295] - BeanFactory id=1561be07-d5d2-3761-b73b-de268b21e06f
2022-01-02 23:56:39,016 [main] INFO  o.s.c.s.PostProcessorRegistrationDelegate$BeanPostProcessorChecker [Line:335] - Bean 'redisConfig' of type [com.jzj.servicebase.RedisConfig$$EnhancerBySpringCGLIB$$6767b42b] is not eligible for getting processed by all BeanPostProcessors (for example: not eligible for auto-proxying)
2022-01-02 23:56:39,072 [main] INFO  o.s.c.s.PostProcessorRegistrationDelegate$BeanPostProcessorChecker [Line:335] - Bean 'spring.cloud.sentinel-com.alibaba.cloud.sentinel.SentinelProperties' of type [com.alibaba.cloud.sentinel.SentinelProperties] is not eligible for getting processed by all BeanPostProcessors (for example: not eligible for auto-proxying)
2022-01-02 23:56:39,078 [main] INFO  o.s.c.s.PostProcessorRegistrationDelegate$BeanPostProcessorChecker [Line:335] - Bean 'com.alibaba.cloud.sentinel.custom.SentinelAutoConfiguration' of type [com.alibaba.cloud.sentinel.custom.SentinelAutoConfiguration] is not eligible for getting processed by all BeanPostProcessors (for example: not eligible for auto-proxying)
2022-01-02 23:56:39,632 [main] INFO  o.s.b.w.e.tomcat.TomcatWebServer [Line:108] - Tomcat initialized with port(s): 8002 (http)
2022-01-02 23:56:39,643 [main] INFO  o.a.coyote.http11.Http11NioProtocol [Line:173] - Initializing ProtocolHandler ["http-nio-8002"]
2022-01-02 23:56:39,643 [main] INFO  o.a.catalina.core.StandardService [Line:173] - Starting service [Tomcat]
2022-01-02 23:56:39,644 [main] INFO  o.a.catalina.core.StandardEngine [Line:173] - Starting Servlet engine: [Apache Tomcat/9.0.38]
2022-01-02 23:56:39,835 [main] INFO  o.a.c.c.C.[Tomcat].[localhost].[/] [Line:173] - Initializing Spring embedded WebApplicationContext
2022-01-02 23:56:39,836 [main] INFO  o.s.b.w.s.c.ServletWebServerApplicationContext [Line:285] - Root WebApplicationContext: initialization completed in 4595 ms
2022-01-02 23:56:45,223 [main] INFO  c.a.c.s.SentinelWebAutoConfiguration [Line:80 ] - [Sentinel Starter] register SentinelWebInterceptor with urlPatterns: [/**].
2022-01-02 23:56:45,504 [main] INFO  s.d.s.w.PropertySourcedRequestMappingHandlerMapping [Line:69 ] - Mapped URL path [/v2/api-docs] onto method [springfox.documentation.swagger2.web.Swagger2Controller#getDocumentation(String, HttpServletRequest)]
2022-01-02 23:56:45,555 [main] WARN  c.n.c.sources.URLConfigurationSource [Line:121] - No URLs will be polled as dynamic configuration sources.
2022-01-02 23:56:45,556 [main] INFO  c.n.c.sources.URLConfigurationSource [Line:122] - To enable URLs as dynamic configuration sources, define System property archaius.configurationSource.additionalUrls or make config.properties available on classpath.
2022-01-02 23:56:45,561 [main] WARN  c.n.c.sources.URLConfigurationSource [Line:121] - No URLs will be polled as dynamic configuration sources.
2022-01-02 23:56:45,561 [main] INFO  c.n.c.sources.URLConfigurationSource [Line:122] - To enable URLs as dynamic configuration sources, define System property archaius.configurationSource.additionalUrls or make config.properties available on classpath.
2022-01-02 23:56:45,875 [main] INFO  o.s.s.c.ThreadPoolTaskExecutor [Line:181] - Initializing ExecutorService 'applicationTaskExecutor'
2022-01-02 23:56:47,067 [main] INFO  o.s.s.c.ThreadPoolTaskScheduler [Line:181] - Initializing ExecutorService 'taskScheduler'
2022-01-02 23:56:47,699 [main] INFO  o.a.coyote.http11.Http11NioProtocol [Line:173] - Starting ProtocolHandler ["http-nio-8002"]
2022-01-02 23:56:47,725 [main] INFO  o.s.b.w.e.tomcat.TomcatWebServer [Line:220] - Tomcat started on port(s): 8002 (http) with context path ''
2022-01-02 23:56:47,773 [main] INFO  c.a.c.n.r.NacosServiceRegistry [Line:71 ] - nacos registry, DEFAULT_GROUP service-core 192.168.1.110:8002 register finished
2022-01-02 23:56:47,996 [main] INFO  s.d.s.w.p.DocumentationPluginsBootstrapper [Line:160] - Context refreshed
2022-01-02 23:56:48,013 [main] INFO  s.d.s.w.p.DocumentationPluginsBootstrapper [Line:163] - Found 1 custom documentation plugin(s)
2022-01-02 23:56:48,066 [main] INFO  s.d.s.w.s.ApiListingReferenceScanner [Line:41 ] - Scanning for api listing references
2022-01-02 23:56:48,246 [main] INFO  s.d.s.w.r.o.CachingOperationNameGenerator [Line:40 ] - Generating unique operation named: getByIdUsingGET_1
2022-01-02 23:56:48,284 [main] INFO  s.d.s.w.r.o.CachingOperationNameGenerator [Line:40 ] - Generating unique operation named: getByIdUsingGET_2
2022-01-02 23:56:48,290 [main] INFO  s.d.s.w.r.o.CachingOperationNameGenerator [Line:40 ] - Generating unique operation named: listByTopUsingPOST_1
2022-01-02 23:56:48,294 [main] INFO  s.d.s.w.r.o.CachingOperationNameGenerator [Line:40 ] - Generating unique operation named: removeByIdUsingDELETE_1
2022-01-02 23:56:48,306 [main] INFO  s.d.s.w.r.o.CachingOperationNameGenerator [Line:40 ] - Generating unique operation named: updateUsingPUT_1
2022-01-02 23:56:48,317 [main] INFO  s.d.s.w.r.o.CachingOperationNameGenerator [Line:40 ] - Generating unique operation named: getByIdUsingGET_3
2022-01-02 23:56:48,333 [main] INFO  s.d.s.w.r.o.CachingOperationNameGenerator [Line:40 ] - Generating unique operation named: listByTopUsingPOST_2
2022-01-02 23:56:48,335 [main] INFO  s.d.s.w.r.o.CachingOperationNameGenerator [Line:40 ] - Generating unique operation named: removeByIdUsingDELETE_2
2022-01-02 23:56:48,372 [main] INFO  s.d.s.w.r.o.CachingOperationNameGenerator [Line:40 ] - Generating unique operation named: updateTopicByIdUsingPUT_1
2022-01-02 23:56:48,382 [main] INFO  s.d.s.w.r.o.CachingOperationNameGenerator [Line:40 ] - Generating unique operation named: getByIdUsingGET_4
2022-01-02 23:56:48,388 [main] INFO  s.d.s.w.r.o.CachingOperationNameGenerator [Line:40 ] - Generating unique operation named: listByTopUsingPOST_3
2022-01-02 23:56:48,390 [main] INFO  s.d.s.w.r.o.CachingOperationNameGenerator [Line:40 ] - Generating unique operation named: removeByIdUsingDELETE_3
2022-01-02 23:56:48,426 [main] INFO  s.d.s.w.r.o.CachingOperationNameGenerator [Line:40 ] - Generating unique operation named: updateUsingPUT_2
2022-01-02 23:56:48,429 [main] INFO  s.d.s.w.r.o.CachingOperationNameGenerator [Line:40 ] - Generating unique operation named: getByIdUsingGET_5
2022-01-02 23:56:48,444 [main] INFO  s.d.s.w.r.o.CachingOperationNameGenerator [Line:40 ] - Generating unique operation named: removeByIdUsingDELETE_4
2022-01-02 23:56:48,483 [main] INFO  s.d.s.w.r.o.CachingOperationNameGenerator [Line:40 ] - Generating unique operation named: saveSubjectUsingPOST_1
2022-01-02 23:56:48,485 [main] INFO  s.d.s.w.r.o.CachingOperationNameGenerator [Line:40 ] - Generating unique operation named: updateUsingPUT_3
2022-01-02 23:56:48,581 [main] INFO  s.d.s.w.r.o.CachingOperationNameGenerator [Line:40 ] - Generating unique operation named: listSubjectUsingGET_1
2022-01-02 23:56:48,599 [main] INFO  s.d.s.w.r.o.CachingOperationNameGenerator [Line:40 ] - Generating unique operation named: getFrontPaperListUsingPOST_1
2022-01-02 23:56:48,605 [main] INFO  s.d.s.w.r.o.CachingOperationNameGenerator [Line:40 ] - Generating unique operation named: getByIdUsingGET_6
2022-01-02 23:56:48,639 [main] INFO  s.d.s.w.r.o.CachingOperationNameGenerator [Line:40 ] - Generating unique operation named: getWebConfigUsingGET_1
2022-01-02 23:56:48,667 [main] INFO  com.jzj.core.CoreApplication [Line:61 ] - Started CoreApplication in 15.025 seconds (JVM running for 16.481)
2022-01-02 23:56:58,762 [http-nio-8002-exec-1] INFO  o.a.c.c.C.[Tomcat].[localhost].[/] [Line:173] - Initializing Spring DispatcherServlet 'dispatcherServlet'
2022-01-02 23:56:58,762 [http-nio-8002-exec-1] INFO  o.s.web.servlet.DispatcherServlet [Line:525] - Initializing Servlet 'dispatcherServlet'
2022-01-02 23:56:58,772 [http-nio-8002-exec-1] INFO  o.s.web.servlet.DispatcherServlet [Line:547] - Completed initialization in 10 ms
2022-01-02 23:56:59,880 [http-nio-8002-exec-1] INFO  com.zaxxer.hikari.HikariDataSource [Line:110] - HikariPool-1 - Starting...
2022-01-02 23:57:00,536 [http-nio-8002-exec-1] INFO  com.zaxxer.hikari.HikariDataSource [Line:123] - HikariPool-1 - Start completed.
