2022-02-21 02:55:43,446 [main] INFO  com.jzj.core.CoreApplication [Line:655] - The following profiles are active: dev
2022-02-21 02:55:45,978 [main] INFO  o.s.d.r.c.RepositoryConfigurationDelegate [Line:249] - Multiple Spring Data modules found, entering strict repository configuration mode!
2022-02-21 02:55:45,980 [main] INFO  o.s.d.r.c.RepositoryConfigurationDelegate [Line:127] - Bootstrapping Spring Data Redis repositories in DEFAULT mode.
2022-02-21 02:55:46,068 [main] INFO  o.s.d.r.c.RepositoryConfigurationDelegate [Line:187] - Finished Spring Data repository scanning in 55ms. Found 0 Redis repository interfaces.
2022-02-21 02:55:46,376 [main] WARN  o.m.s.mapper.ClassPathMapperScanner [Line:44 ] - Skipping MapperFactoryBean with name 'dictMapper' and 'com.jzj.core.mapper.DictMapper' mapperInterface. Bean already defined with the same name!
2022-02-21 02:55:46,376 [main] WARN  o.m.s.mapper.ClassPathMapperScanner [Line:44 ] - Skipping MapperFactoryBean with name 'eduPaperMapper' and 'com.jzj.core.mapper.EduPaperMapper' mapperInterface. Bean already defined with the same name!
2022-02-21 02:55:46,376 [main] WARN  o.m.s.mapper.ClassPathMapperScanner [Line:44 ] - Skipping MapperFactoryBean with name 'eduPaperTopicMapper' and 'com.jzj.core.mapper.EduPaperTopicMapper' mapperInterface. Bean already defined with the same name!
2022-02-21 02:55:46,376 [main] WARN  o.m.s.mapper.ClassPathMapperScanner [Line:44 ] - Skipping MapperFactoryBean with name 'eduStatisticsMapper' and 'com.jzj.core.mapper.EduStatisticsMapper' mapperInterface. Bean already defined with the same name!
2022-02-21 02:55:46,376 [main] WARN  o.m.s.mapper.ClassPathMapperScanner [Line:44 ] - Skipping MapperFactoryBean with name 'eduSubjectMapper' and 'com.jzj.core.mapper.EduSubjectMapper' mapperInterface. Bean already defined with the same name!
2022-02-21 02:55:46,376 [main] WARN  o.m.s.mapper.ClassPathMapperScanner [Line:44 ] - Skipping MapperFactoryBean with name 'eduTestPaperRecordsMapper' and 'com.jzj.core.mapper.EduTestPaperRecordsMapper' mapperInterface. Bean already defined with the same name!
2022-02-21 02:55:46,376 [main] WARN  o.m.s.mapper.ClassPathMapperScanner [Line:44 ] - Skipping MapperFactoryBean with name 'eduTestTopicRecordsMapper' and 'com.jzj.core.mapper.EduTestTopicRecordsMapper' mapperInterface. Bean already defined with the same name!
2022-02-21 02:55:46,377 [main] WARN  o.m.s.mapper.ClassPathMapperScanner [Line:44 ] - Skipping MapperFactoryBean with name 'eduTopicContentMapper' and 'com.jzj.core.mapper.EduTopicContentMapper' mapperInterface. Bean already defined with the same name!
2022-02-21 02:55:46,377 [main] WARN  o.m.s.mapper.ClassPathMapperScanner [Line:44 ] - Skipping MapperFactoryBean with name 'eduTopicMapper' and 'com.jzj.core.mapper.EduTopicMapper' mapperInterface. Bean already defined with the same name!
2022-02-21 02:55:46,377 [main] WARN  o.m.s.mapper.ClassPathMapperScanner [Line:44 ] - Skipping MapperFactoryBean with name 'noticeMessageMapper' and 'com.jzj.core.mapper.NoticeMessageMapper' mapperInterface. Bean already defined with the same name!
2022-02-21 02:55:46,377 [main] WARN  o.m.s.mapper.ClassPathMapperScanner [Line:44 ] - Skipping MapperFactoryBean with name 'ucenterMemberMapper' and 'com.jzj.core.mapper.UcenterMemberMapper' mapperInterface. Bean already defined with the same name!
2022-02-21 02:55:46,378 [main] WARN  o.m.s.mapper.ClassPathMapperScanner [Line:44 ] - Skipping MapperFactoryBean with name 'webConfigMapper' and 'com.jzj.core.mapper.WebConfigMapper' mapperInterface. Bean already defined with the same name!
2022-02-21 02:55:46,378 [main] WARN  o.m.s.mapper.ClassPathMapperScanner [Line:44 ] - Skipping MapperFactoryBean with name 'webLogMapper' and 'com.jzj.core.mapper.WebLogMapper' mapperInterface. Bean already defined with the same name!
2022-02-21 02:55:46,378 [main] WARN  o.m.s.mapper.ClassPathMapperScanner [Line:44 ] - No MyBatis mapper was found in '[com.jzj.core.mapper]' package. Please check your configuration.
2022-02-21 02:55:46,472 [main] INFO  o.s.cloud.context.scope.GenericScope [Line:295] - BeanFactory id=1561be07-d5d2-3761-b73b-de268b21e06f
2022-02-21 02:55:46,936 [main] INFO  o.s.c.s.PostProcessorRegistrationDelegate$BeanPostProcessorChecker [Line:335] - Bean 'redisConfig' of type [com.jzj.servicebase.RedisConfig$$EnhancerBySpringCGLIB$$cbc38bf] is not eligible for getting processed by all BeanPostProcessors (for example: not eligible for auto-proxying)
2022-02-21 02:55:47,049 [main] INFO  o.s.c.s.PostProcessorRegistrationDelegate$BeanPostProcessorChecker [Line:335] - Bean 'spring.cloud.sentinel-com.alibaba.cloud.sentinel.SentinelProperties' of type [com.alibaba.cloud.sentinel.SentinelProperties] is not eligible for getting processed by all BeanPostProcessors (for example: not eligible for auto-proxying)
2022-02-21 02:55:47,058 [main] INFO  o.s.c.s.PostProcessorRegistrationDelegate$BeanPostProcessorChecker [Line:335] - Bean 'com.alibaba.cloud.sentinel.custom.SentinelAutoConfiguration' of type [com.alibaba.cloud.sentinel.custom.SentinelAutoConfiguration] is not eligible for getting processed by all BeanPostProcessors (for example: not eligible for auto-proxying)
2022-02-21 02:55:47,528 [main] INFO  o.s.b.w.e.tomcat.TomcatWebServer [Line:108] - Tomcat initialized with port(s): 8002 (http)
2022-02-21 02:55:47,545 [main] INFO  o.a.coyote.http11.Http11NioProtocol [Line:173] - Initializing ProtocolHandler ["http-nio-8002"]
2022-02-21 02:55:47,545 [main] INFO  o.a.catalina.core.StandardService [Line:173] - Starting service [Tomcat]
2022-02-21 02:55:47,545 [main] INFO  o.a.catalina.core.StandardEngine [Line:173] - Starting Servlet engine: [Apache Tomcat/9.0.38]
2022-02-21 02:55:47,888 [main] INFO  o.a.c.c.C.[Tomcat].[localhost].[/] [Line:173] - Initializing Spring embedded WebApplicationContext
2022-02-21 02:55:47,888 [main] INFO  o.s.b.w.s.c.ServletWebServerApplicationContext [Line:285] - Root WebApplicationContext: initialization completed in 4394 ms
2022-02-21 02:55:57,299 [main] INFO  c.a.c.s.SentinelWebAutoConfiguration [Line:80 ] - [Sentinel Starter] register SentinelWebInterceptor with urlPatterns: [/**].
2022-02-21 02:55:57,636 [main] INFO  s.d.s.w.PropertySourcedRequestMappingHandlerMapping [Line:69 ] - Mapped URL path [/v2/api-docs] onto method [springfox.documentation.swagger2.web.Swagger2Controller#getDocumentation(String, HttpServletRequest)]
2022-02-21 02:55:57,704 [main] WARN  c.n.c.sources.URLConfigurationSource [Line:121] - No URLs will be polled as dynamic configuration sources.
2022-02-21 02:55:57,704 [main] INFO  c.n.c.sources.URLConfigurationSource [Line:122] - To enable URLs as dynamic configuration sources, define System property archaius.configurationSource.additionalUrls or make config.properties available on classpath.
2022-02-21 02:55:57,713 [main] WARN  c.n.c.sources.URLConfigurationSource [Line:121] - No URLs will be polled as dynamic configuration sources.
2022-02-21 02:55:57,713 [main] INFO  c.n.c.sources.URLConfigurationSource [Line:122] - To enable URLs as dynamic configuration sources, define System property archaius.configurationSource.additionalUrls or make config.properties available on classpath.
2022-02-21 02:55:58,069 [main] INFO  o.s.s.c.ThreadPoolTaskExecutor [Line:181] - Initializing ExecutorService 'applicationTaskExecutor'
2022-02-21 02:56:01,387 [main] INFO  o.s.s.c.ThreadPoolTaskScheduler [Line:181] - Initializing ExecutorService 'taskScheduler'
2022-02-21 02:56:03,027 [main] INFO  o.a.coyote.http11.Http11NioProtocol [Line:173] - Starting ProtocolHandler ["http-nio-8002"]
2022-02-21 02:56:03,060 [main] INFO  o.s.b.w.e.tomcat.TomcatWebServer [Line:220] - Tomcat started on port(s): 8002 (http) with context path ''
2022-02-21 02:56:03,112 [main] INFO  c.a.c.n.r.NacosServiceRegistry [Line:71 ] - nacos registry, DEFAULT_GROUP service-core 192.168.0.1:8002 register finished
2022-02-21 02:56:03,927 [main] INFO  s.d.s.w.p.DocumentationPluginsBootstrapper [Line:160] - Context refreshed
2022-02-21 02:56:03,943 [main] INFO  s.d.s.w.p.DocumentationPluginsBootstrapper [Line:163] - Found 1 custom documentation plugin(s)
2022-02-21 02:56:03,983 [main] INFO  s.d.s.w.s.ApiListingReferenceScanner [Line:41 ] - Scanning for api listing references
2022-02-21 02:56:04,230 [main] INFO  s.d.s.w.r.o.CachingOperationNameGenerator [Line:40 ] - Generating unique operation named: getByIdUsingGET_1
2022-02-21 02:56:04,279 [main] INFO  s.d.s.w.r.o.CachingOperationNameGenerator [Line:40 ] - Generating unique operation named: getByIdUsingGET_2
2022-02-21 02:56:04,284 [main] INFO  s.d.s.w.r.o.CachingOperationNameGenerator [Line:40 ] - Generating unique operation named: listByTopUsingPOST_1
2022-02-21 02:56:04,287 [main] INFO  s.d.s.w.r.o.CachingOperationNameGenerator [Line:40 ] - Generating unique operation named: removeByIdUsingDELETE_1
2022-02-21 02:56:04,296 [main] INFO  s.d.s.w.r.o.CachingOperationNameGenerator [Line:40 ] - Generating unique operation named: updateUsingPUT_1
2022-02-21 02:56:04,306 [main] INFO  s.d.s.w.r.o.CachingOperationNameGenerator [Line:40 ] - Generating unique operation named: getByIdUsingGET_3
2022-02-21 02:56:04,314 [main] INFO  s.d.s.w.r.o.CachingOperationNameGenerator [Line:40 ] - Generating unique operation named: listByTopUsingPOST_2
2022-02-21 02:56:04,316 [main] INFO  s.d.s.w.r.o.CachingOperationNameGenerator [Line:40 ] - Generating unique operation named: removeByIdUsingDELETE_2
2022-02-21 02:56:04,327 [main] INFO  s.d.s.w.r.o.CachingOperationNameGenerator [Line:40 ] - Generating unique operation named: updateTopicByIdUsingPUT_1
2022-02-21 02:56:04,331 [main] INFO  s.d.s.w.r.o.CachingOperationNameGenerator [Line:40 ] - Generating unique operation named: getByIdUsingGET_4
2022-02-21 02:56:04,340 [main] INFO  s.d.s.w.r.o.CachingOperationNameGenerator [Line:40 ] - Generating unique operation named: listByTopUsingPOST_3
2022-02-21 02:56:04,360 [main] INFO  s.d.s.w.r.o.CachingOperationNameGenerator [Line:40 ] - Generating unique operation named: removeByIdUsingDELETE_3
2022-02-21 02:56:04,406 [main] INFO  s.d.s.w.r.o.CachingOperationNameGenerator [Line:40 ] - Generating unique operation named: updateUsingPUT_2
2022-02-21 02:56:04,409 [main] INFO  s.d.s.w.r.o.CachingOperationNameGenerator [Line:40 ] - Generating unique operation named: getByIdUsingGET_5
2022-02-21 02:56:04,417 [main] INFO  s.d.s.w.r.o.CachingOperationNameGenerator [Line:40 ] - Generating unique operation named: removeByIdUsingDELETE_4
2022-02-21 02:56:04,434 [main] INFO  s.d.s.w.r.o.CachingOperationNameGenerator [Line:40 ] - Generating unique operation named: saveSubjectUsingPOST_1
2022-02-21 02:56:04,438 [main] INFO  s.d.s.w.r.o.CachingOperationNameGenerator [Line:40 ] - Generating unique operation named: updateUsingPUT_3
2022-02-21 02:56:04,500 [main] INFO  s.d.s.w.r.o.CachingOperationNameGenerator [Line:40 ] - Generating unique operation named: listSubjectUsingGET_1
2022-02-21 02:56:04,512 [main] INFO  s.d.s.w.r.o.CachingOperationNameGenerator [Line:40 ] - Generating unique operation named: getFrontPaperListUsingPOST_1
2022-02-21 02:56:04,516 [main] INFO  s.d.s.w.r.o.CachingOperationNameGenerator [Line:40 ] - Generating unique operation named: getByIdUsingGET_6
2022-02-21 02:56:04,557 [main] INFO  s.d.s.w.r.o.CachingOperationNameGenerator [Line:40 ] - Generating unique operation named: getWebConfigUsingGET_1
2022-02-21 02:56:04,587 [main] INFO  com.jzj.core.CoreApplication [Line:61 ] - Started CoreApplication in 24.578 seconds (JVM running for 27.009)
2022-02-21 02:58:24,789 [SpringContextShutdownHook] INFO  o.s.s.c.ThreadPoolTaskScheduler [Line:218] - Shutting down ExecutorService 'taskScheduler'
2022-02-21 02:58:24,790 [SpringContextShutdownHook] INFO  c.a.c.n.r.NacosServiceRegistry [Line:86 ] - De-registering from Nacos Server now...
2022-02-21 02:58:24,831 [SpringContextShutdownHook] INFO  c.a.c.n.r.NacosServiceRegistry [Line:106] - De-registration finished.
2022-02-21 02:58:36,852 [SpringContextShutdownHook] INFO  o.s.s.c.ThreadPoolTaskExecutor [Line:218] - Shutting down ExecutorService 'applicationTaskExecutor'
2022-02-21 02:58:43,414 [main] INFO  com.jzj.core.CoreApplication [Line:655] - The following profiles are active: dev
2022-02-21 02:58:44,424 [main] INFO  o.s.d.r.c.RepositoryConfigurationDelegate [Line:249] - Multiple Spring Data modules found, entering strict repository configuration mode!
2022-02-21 02:58:44,426 [main] INFO  o.s.d.r.c.RepositoryConfigurationDelegate [Line:127] - Bootstrapping Spring Data Redis repositories in DEFAULT mode.
2022-02-21 02:58:44,475 [main] INFO  o.s.d.r.c.RepositoryConfigurationDelegate [Line:187] - Finished Spring Data repository scanning in 27ms. Found 0 Redis repository interfaces.
2022-02-21 02:58:44,627 [main] WARN  o.m.s.mapper.ClassPathMapperScanner [Line:44 ] - Skipping MapperFactoryBean with name 'dictMapper' and 'com.jzj.core.mapper.DictMapper' mapperInterface. Bean already defined with the same name!
2022-02-21 02:58:44,627 [main] WARN  o.m.s.mapper.ClassPathMapperScanner [Line:44 ] - Skipping MapperFactoryBean with name 'eduPaperMapper' and 'com.jzj.core.mapper.EduPaperMapper' mapperInterface. Bean already defined with the same name!
2022-02-21 02:58:44,627 [main] WARN  o.m.s.mapper.ClassPathMapperScanner [Line:44 ] - Skipping MapperFactoryBean with name 'eduPaperTopicMapper' and 'com.jzj.core.mapper.EduPaperTopicMapper' mapperInterface. Bean already defined with the same name!
2022-02-21 02:58:44,627 [main] WARN  o.m.s.mapper.ClassPathMapperScanner [Line:44 ] - Skipping MapperFactoryBean with name 'eduStatisticsMapper' and 'com.jzj.core.mapper.EduStatisticsMapper' mapperInterface. Bean already defined with the same name!
2022-02-21 02:58:44,627 [main] WARN  o.m.s.mapper.ClassPathMapperScanner [Line:44 ] - Skipping MapperFactoryBean with name 'eduSubjectMapper' and 'com.jzj.core.mapper.EduSubjectMapper' mapperInterface. Bean already defined with the same name!
2022-02-21 02:58:44,627 [main] WARN  o.m.s.mapper.ClassPathMapperScanner [Line:44 ] - Skipping MapperFactoryBean with name 'eduTestPaperRecordsMapper' and 'com.jzj.core.mapper.EduTestPaperRecordsMapper' mapperInterface. Bean already defined with the same name!
2022-02-21 02:58:44,628 [main] WARN  o.m.s.mapper.ClassPathMapperScanner [Line:44 ] - Skipping MapperFactoryBean with name 'eduTestTopicRecordsMapper' and 'com.jzj.core.mapper.EduTestTopicRecordsMapper' mapperInterface. Bean already defined with the same name!
2022-02-21 02:58:44,628 [main] WARN  o.m.s.mapper.ClassPathMapperScanner [Line:44 ] - Skipping MapperFactoryBean with name 'eduTopicContentMapper' and 'com.jzj.core.mapper.EduTopicContentMapper' mapperInterface. Bean already defined with the same name!
2022-02-21 02:58:44,628 [main] WARN  o.m.s.mapper.ClassPathMapperScanner [Line:44 ] - Skipping MapperFactoryBean with name 'eduTopicMapper' and 'com.jzj.core.mapper.EduTopicMapper' mapperInterface. Bean already defined with the same name!
2022-02-21 02:58:44,628 [main] WARN  o.m.s.mapper.ClassPathMapperScanner [Line:44 ] - Skipping MapperFactoryBean with name 'noticeMessageMapper' and 'com.jzj.core.mapper.NoticeMessageMapper' mapperInterface. Bean already defined with the same name!
2022-02-21 02:58:44,628 [main] WARN  o.m.s.mapper.ClassPathMapperScanner [Line:44 ] - Skipping MapperFactoryBean with name 'ucenterMemberMapper' and 'com.jzj.core.mapper.UcenterMemberMapper' mapperInterface. Bean already defined with the same name!
2022-02-21 02:58:44,628 [main] WARN  o.m.s.mapper.ClassPathMapperScanner [Line:44 ] - Skipping MapperFactoryBean with name 'webConfigMapper' and 'com.jzj.core.mapper.WebConfigMapper' mapperInterface. Bean already defined with the same name!
2022-02-21 02:58:44,628 [main] WARN  o.m.s.mapper.ClassPathMapperScanner [Line:44 ] - Skipping MapperFactoryBean with name 'webLogMapper' and 'com.jzj.core.mapper.WebLogMapper' mapperInterface. Bean already defined with the same name!
2022-02-21 02:58:44,628 [main] WARN  o.m.s.mapper.ClassPathMapperScanner [Line:44 ] - No MyBatis mapper was found in '[com.jzj.core.mapper]' package. Please check your configuration.
2022-02-21 02:58:44,694 [main] INFO  o.s.cloud.context.scope.GenericScope [Line:295] - BeanFactory id=1561be07-d5d2-3761-b73b-de268b21e06f
2022-02-21 02:58:44,968 [main] INFO  o.s.c.s.PostProcessorRegistrationDelegate$BeanPostProcessorChecker [Line:335] - Bean 'redisConfig' of type [com.jzj.servicebase.RedisConfig$$EnhancerBySpringCGLIB$$1c510cf8] is not eligible for getting processed by all BeanPostProcessors (for example: not eligible for auto-proxying)
2022-02-21 02:58:45,013 [main] INFO  o.s.c.s.PostProcessorRegistrationDelegate$BeanPostProcessorChecker [Line:335] - Bean 'spring.cloud.sentinel-com.alibaba.cloud.sentinel.SentinelProperties' of type [com.alibaba.cloud.sentinel.SentinelProperties] is not eligible for getting processed by all BeanPostProcessors (for example: not eligible for auto-proxying)
2022-02-21 02:58:45,019 [main] INFO  o.s.c.s.PostProcessorRegistrationDelegate$BeanPostProcessorChecker [Line:335] - Bean 'com.alibaba.cloud.sentinel.custom.SentinelAutoConfiguration' of type [com.alibaba.cloud.sentinel.custom.SentinelAutoConfiguration] is not eligible for getting processed by all BeanPostProcessors (for example: not eligible for auto-proxying)
2022-02-21 02:58:45,330 [main] INFO  o.s.b.w.e.tomcat.TomcatWebServer [Line:108] - Tomcat initialized with port(s): 8002 (http)
2022-02-21 02:58:45,340 [main] INFO  o.a.coyote.http11.Http11NioProtocol [Line:173] - Initializing ProtocolHandler ["http-nio-8002"]
2022-02-21 02:58:45,340 [main] INFO  o.a.catalina.core.StandardService [Line:173] - Starting service [Tomcat]
2022-02-21 02:58:45,340 [main] INFO  o.a.catalina.core.StandardEngine [Line:173] - Starting Servlet engine: [Apache Tomcat/9.0.38]
2022-02-21 02:58:45,622 [main] INFO  o.a.c.c.C.[Tomcat].[localhost].[/] [Line:173] - Initializing Spring embedded WebApplicationContext
2022-02-21 02:58:45,622 [main] INFO  o.s.b.w.s.c.ServletWebServerApplicationContext [Line:285] - Root WebApplicationContext: initialization completed in 2184 ms
2022-02-21 02:59:08,215 [main] INFO  c.a.c.s.SentinelWebAutoConfiguration [Line:80 ] - [Sentinel Starter] register SentinelWebInterceptor with urlPatterns: [/**].
2022-02-21 02:59:08,358 [main] INFO  s.d.s.w.PropertySourcedRequestMappingHandlerMapping [Line:69 ] - Mapped URL path [/v2/api-docs] onto method [springfox.documentation.swagger2.web.Swagger2Controller#getDocumentation(String, HttpServletRequest)]
2022-02-21 02:59:08,387 [main] WARN  c.n.c.sources.URLConfigurationSource [Line:121] - No URLs will be polled as dynamic configuration sources.
2022-02-21 02:59:08,388 [main] INFO  c.n.c.sources.URLConfigurationSource [Line:122] - To enable URLs as dynamic configuration sources, define System property archaius.configurationSource.additionalUrls or make config.properties available on classpath.
2022-02-21 02:59:08,392 [main] WARN  c.n.c.sources.URLConfigurationSource [Line:121] - No URLs will be polled as dynamic configuration sources.
2022-02-21 02:59:08,392 [main] INFO  c.n.c.sources.URLConfigurationSource [Line:122] - To enable URLs as dynamic configuration sources, define System property archaius.configurationSource.additionalUrls or make config.properties available on classpath.
2022-02-21 02:59:08,585 [main] INFO  o.s.s.c.ThreadPoolTaskExecutor [Line:181] - Initializing ExecutorService 'applicationTaskExecutor'
2022-02-21 02:59:09,895 [main] INFO  o.s.s.c.ThreadPoolTaskScheduler [Line:181] - Initializing ExecutorService 'taskScheduler'
2022-02-21 02:59:10,944 [main] INFO  o.a.coyote.http11.Http11NioProtocol [Line:173] - Starting ProtocolHandler ["http-nio-8002"]
2022-02-21 02:59:10,968 [main] INFO  o.s.b.w.e.tomcat.TomcatWebServer [Line:220] - Tomcat started on port(s): 8002 (http) with context path ''
2022-02-21 02:59:11,026 [main] INFO  c.a.c.n.r.NacosServiceRegistry [Line:71 ] - nacos registry, DEFAULT_GROUP service-core 192.168.0.1:8002 register finished
2022-02-21 02:59:11,662 [main] INFO  s.d.s.w.p.DocumentationPluginsBootstrapper [Line:160] - Context refreshed
2022-02-21 02:59:11,676 [main] INFO  s.d.s.w.p.DocumentationPluginsBootstrapper [Line:163] - Found 1 custom documentation plugin(s)
2022-02-21 02:59:11,718 [main] INFO  s.d.s.w.s.ApiListingReferenceScanner [Line:41 ] - Scanning for api listing references
2022-02-21 02:59:11,886 [main] INFO  s.d.s.w.r.o.CachingOperationNameGenerator [Line:40 ] - Generating unique operation named: getByIdUsingGET_1
2022-02-21 02:59:11,915 [main] INFO  s.d.s.w.r.o.CachingOperationNameGenerator [Line:40 ] - Generating unique operation named: getByIdUsingGET_2
2022-02-21 02:59:11,920 [main] INFO  s.d.s.w.r.o.CachingOperationNameGenerator [Line:40 ] - Generating unique operation named: listByTopUsingPOST_1
2022-02-21 02:59:11,922 [main] INFO  s.d.s.w.r.o.CachingOperationNameGenerator [Line:40 ] - Generating unique operation named: removeByIdUsingDELETE_1
2022-02-21 02:59:11,931 [main] INFO  s.d.s.w.r.o.CachingOperationNameGenerator [Line:40 ] - Generating unique operation named: updateUsingPUT_1
2022-02-21 02:59:11,940 [main] INFO  s.d.s.w.r.o.CachingOperationNameGenerator [Line:40 ] - Generating unique operation named: getByIdUsingGET_3
2022-02-21 02:59:11,950 [main] INFO  s.d.s.w.r.o.CachingOperationNameGenerator [Line:40 ] - Generating unique operation named: listByTopUsingPOST_2
2022-02-21 02:59:11,952 [main] INFO  s.d.s.w.r.o.CachingOperationNameGenerator [Line:40 ] - Generating unique operation named: removeByIdUsingDELETE_2
2022-02-21 02:59:11,964 [main] INFO  s.d.s.w.r.o.CachingOperationNameGenerator [Line:40 ] - Generating unique operation named: updateTopicByIdUsingPUT_1
2022-02-21 02:59:11,967 [main] INFO  s.d.s.w.r.o.CachingOperationNameGenerator [Line:40 ] - Generating unique operation named: getByIdUsingGET_4
2022-02-21 02:59:11,971 [main] INFO  s.d.s.w.r.o.CachingOperationNameGenerator [Line:40 ] - Generating unique operation named: listByTopUsingPOST_3
2022-02-21 02:59:11,973 [main] INFO  s.d.s.w.r.o.CachingOperationNameGenerator [Line:40 ] - Generating unique operation named: removeByIdUsingDELETE_3
2022-02-21 02:59:11,985 [main] INFO  s.d.s.w.r.o.CachingOperationNameGenerator [Line:40 ] - Generating unique operation named: updateUsingPUT_2
2022-02-21 02:59:11,986 [main] INFO  s.d.s.w.r.o.CachingOperationNameGenerator [Line:40 ] - Generating unique operation named: getByIdUsingGET_5
2022-02-21 02:59:11,993 [main] INFO  s.d.s.w.r.o.CachingOperationNameGenerator [Line:40 ] - Generating unique operation named: removeByIdUsingDELETE_4
2022-02-21 02:59:12,007 [main] INFO  s.d.s.w.r.o.CachingOperationNameGenerator [Line:40 ] - Generating unique operation named: saveSubjectUsingPOST_1
2022-02-21 02:59:12,009 [main] INFO  s.d.s.w.r.o.CachingOperationNameGenerator [Line:40 ] - Generating unique operation named: updateUsingPUT_3
2022-02-21 02:59:12,053 [main] INFO  s.d.s.w.r.o.CachingOperationNameGenerator [Line:40 ] - Generating unique operation named: listSubjectUsingGET_1
2022-02-21 02:59:12,062 [main] INFO  s.d.s.w.r.o.CachingOperationNameGenerator [Line:40 ] - Generating unique operation named: getFrontPaperListUsingPOST_1
2022-02-21 02:59:12,065 [main] INFO  s.d.s.w.r.o.CachingOperationNameGenerator [Line:40 ] - Generating unique operation named: getByIdUsingGET_6
2022-02-21 02:59:12,089 [main] INFO  s.d.s.w.r.o.CachingOperationNameGenerator [Line:40 ] - Generating unique operation named: getWebConfigUsingGET_1
2022-02-21 02:59:12,117 [main] INFO  com.jzj.core.CoreApplication [Line:61 ] - Started CoreApplication in 30.699 seconds (JVM running for 32.848)
2022-02-21 02:59:19,295 [http-nio-8002-exec-1] INFO  o.a.c.c.C.[Tomcat].[localhost].[/] [Line:173] - Initializing Spring DispatcherServlet 'dispatcherServlet'
2022-02-21 02:59:19,296 [http-nio-8002-exec-1] INFO  o.s.web.servlet.DispatcherServlet [Line:525] - Initializing Servlet 'dispatcherServlet'
2022-02-21 02:59:19,309 [http-nio-8002-exec-1] INFO  o.s.web.servlet.DispatcherServlet [Line:547] - Completed initialization in 13 ms
2022-02-21 03:00:01,200 [http-nio-8002-exec-1] INFO  com.zaxxer.hikari.HikariDataSource [Line:110] - HikariPool-1 - Starting...
2022-02-21 03:00:01,746 [http-nio-8002-exec-1] INFO  com.zaxxer.hikari.HikariDataSource [Line:123] - HikariPool-1 - Start completed.
2022-02-21 03:02:48,960 [SpringContextShutdownHook] INFO  o.s.s.c.ThreadPoolTaskScheduler [Line:218] - Shutting down ExecutorService 'taskScheduler'
2022-02-21 03:02:48,961 [SpringContextShutdownHook] INFO  c.a.c.n.r.NacosServiceRegistry [Line:86 ] - De-registering from Nacos Server now...
2022-02-21 03:02:49,011 [SpringContextShutdownHook] INFO  c.a.c.n.r.NacosServiceRegistry [Line:106] - De-registration finished.
2022-02-21 03:03:01,028 [SpringContextShutdownHook] INFO  o.s.s.c.ThreadPoolTaskExecutor [Line:218] - Shutting down ExecutorService 'applicationTaskExecutor'
2022-02-21 03:03:01,049 [SpringContextShutdownHook] INFO  com.zaxxer.hikari.HikariDataSource [Line:350] - HikariPool-1 - Shutdown initiated...
2022-02-21 03:03:01,058 [SpringContextShutdownHook] INFO  com.zaxxer.hikari.HikariDataSource [Line:352] - HikariPool-1 - Shutdown completed.
2022-02-21 03:03:09,272 [main] INFO  com.jzj.core.CoreApplication [Line:655] - The following profiles are active: dev
2022-02-21 03:03:10,190 [main] INFO  o.s.d.r.c.RepositoryConfigurationDelegate [Line:249] - Multiple Spring Data modules found, entering strict repository configuration mode!
2022-02-21 03:03:10,193 [main] INFO  o.s.d.r.c.RepositoryConfigurationDelegate [Line:127] - Bootstrapping Spring Data Redis repositories in DEFAULT mode.
2022-02-21 03:03:10,236 [main] INFO  o.s.d.r.c.RepositoryConfigurationDelegate [Line:187] - Finished Spring Data repository scanning in 26ms. Found 0 Redis repository interfaces.
2022-02-21 03:03:10,372 [main] WARN  o.m.s.mapper.ClassPathMapperScanner [Line:44 ] - Skipping MapperFactoryBean with name 'dictMapper' and 'com.jzj.core.mapper.DictMapper' mapperInterface. Bean already defined with the same name!
2022-02-21 03:03:10,372 [main] WARN  o.m.s.mapper.ClassPathMapperScanner [Line:44 ] - Skipping MapperFactoryBean with name 'eduPaperMapper' and 'com.jzj.core.mapper.EduPaperMapper' mapperInterface. Bean already defined with the same name!
2022-02-21 03:03:10,372 [main] WARN  o.m.s.mapper.ClassPathMapperScanner [Line:44 ] - Skipping MapperFactoryBean with name 'eduPaperTopicMapper' and 'com.jzj.core.mapper.EduPaperTopicMapper' mapperInterface. Bean already defined with the same name!
2022-02-21 03:03:10,372 [main] WARN  o.m.s.mapper.ClassPathMapperScanner [Line:44 ] - Skipping MapperFactoryBean with name 'eduStatisticsMapper' and 'com.jzj.core.mapper.EduStatisticsMapper' mapperInterface. Bean already defined with the same name!
2022-02-21 03:03:10,372 [main] WARN  o.m.s.mapper.ClassPathMapperScanner [Line:44 ] - Skipping MapperFactoryBean with name 'eduSubjectMapper' and 'com.jzj.core.mapper.EduSubjectMapper' mapperInterface. Bean already defined with the same name!
2022-02-21 03:03:10,373 [main] WARN  o.m.s.mapper.ClassPathMapperScanner [Line:44 ] - Skipping MapperFactoryBean with name 'eduTestPaperRecordsMapper' and 'com.jzj.core.mapper.EduTestPaperRecordsMapper' mapperInterface. Bean already defined with the same name!
2022-02-21 03:03:10,373 [main] WARN  o.m.s.mapper.ClassPathMapperScanner [Line:44 ] - Skipping MapperFactoryBean with name 'eduTestTopicRecordsMapper' and 'com.jzj.core.mapper.EduTestTopicRecordsMapper' mapperInterface. Bean already defined with the same name!
2022-02-21 03:03:10,373 [main] WARN  o.m.s.mapper.ClassPathMapperScanner [Line:44 ] - Skipping MapperFactoryBean with name 'eduTopicContentMapper' and 'com.jzj.core.mapper.EduTopicContentMapper' mapperInterface. Bean already defined with the same name!
2022-02-21 03:03:10,373 [main] WARN  o.m.s.mapper.ClassPathMapperScanner [Line:44 ] - Skipping MapperFactoryBean with name 'eduTopicMapper' and 'com.jzj.core.mapper.EduTopicMapper' mapperInterface. Bean already defined with the same name!
2022-02-21 03:03:10,373 [main] WARN  o.m.s.mapper.ClassPathMapperScanner [Line:44 ] - Skipping MapperFactoryBean with name 'noticeMessageMapper' and 'com.jzj.core.mapper.NoticeMessageMapper' mapperInterface. Bean already defined with the same name!
2022-02-21 03:03:10,373 [main] WARN  o.m.s.mapper.ClassPathMapperScanner [Line:44 ] - Skipping MapperFactoryBean with name 'ucenterMemberMapper' and 'com.jzj.core.mapper.UcenterMemberMapper' mapperInterface. Bean already defined with the same name!
2022-02-21 03:03:10,373 [main] WARN  o.m.s.mapper.ClassPathMapperScanner [Line:44 ] - Skipping MapperFactoryBean with name 'webConfigMapper' and 'com.jzj.core.mapper.WebConfigMapper' mapperInterface. Bean already defined with the same name!
2022-02-21 03:03:10,373 [main] WARN  o.m.s.mapper.ClassPathMapperScanner [Line:44 ] - Skipping MapperFactoryBean with name 'webLogMapper' and 'com.jzj.core.mapper.WebLogMapper' mapperInterface. Bean already defined with the same name!
2022-02-21 03:03:10,373 [main] WARN  o.m.s.mapper.ClassPathMapperScanner [Line:44 ] - No MyBatis mapper was found in '[com.jzj.core.mapper]' package. Please check your configuration.
2022-02-21 03:03:10,429 [main] INFO  o.s.cloud.context.scope.GenericScope [Line:295] - BeanFactory id=1561be07-d5d2-3761-b73b-de268b21e06f
2022-02-21 03:03:10,667 [main] INFO  o.s.c.s.PostProcessorRegistrationDelegate$BeanPostProcessorChecker [Line:335] - Bean 'redisConfig' of type [com.jzj.servicebase.RedisConfig$$EnhancerBySpringCGLIB$$7fb0ea5d] is not eligible for getting processed by all BeanPostProcessors (for example: not eligible for auto-proxying)
2022-02-21 03:03:10,707 [main] INFO  o.s.c.s.PostProcessorRegistrationDelegate$BeanPostProcessorChecker [Line:335] - Bean 'spring.cloud.sentinel-com.alibaba.cloud.sentinel.SentinelProperties' of type [com.alibaba.cloud.sentinel.SentinelProperties] is not eligible for getting processed by all BeanPostProcessors (for example: not eligible for auto-proxying)
2022-02-21 03:03:10,713 [main] INFO  o.s.c.s.PostProcessorRegistrationDelegate$BeanPostProcessorChecker [Line:335] - Bean 'com.alibaba.cloud.sentinel.custom.SentinelAutoConfiguration' of type [com.alibaba.cloud.sentinel.custom.SentinelAutoConfiguration] is not eligible for getting processed by all BeanPostProcessors (for example: not eligible for auto-proxying)
2022-02-21 03:03:10,974 [main] INFO  o.s.b.w.e.tomcat.TomcatWebServer [Line:108] - Tomcat initialized with port(s): 8002 (http)
2022-02-21 03:03:10,983 [main] INFO  o.a.coyote.http11.Http11NioProtocol [Line:173] - Initializing ProtocolHandler ["http-nio-8002"]
2022-02-21 03:03:10,983 [main] INFO  o.a.catalina.core.StandardService [Line:173] - Starting service [Tomcat]
2022-02-21 03:03:10,983 [main] INFO  o.a.catalina.core.StandardEngine [Line:173] - Starting Servlet engine: [Apache Tomcat/9.0.38]
2022-02-21 03:03:11,187 [main] INFO  o.a.c.c.C.[Tomcat].[localhost].[/] [Line:173] - Initializing Spring embedded WebApplicationContext
2022-02-21 03:03:11,188 [main] INFO  o.s.b.w.s.c.ServletWebServerApplicationContext [Line:285] - Root WebApplicationContext: initialization completed in 1897 ms
2022-02-21 03:03:14,030 [main] INFO  c.a.c.s.SentinelWebAutoConfiguration [Line:80 ] - [Sentinel Starter] register SentinelWebInterceptor with urlPatterns: [/**].
2022-02-21 03:03:14,168 [main] INFO  s.d.s.w.PropertySourcedRequestMappingHandlerMapping [Line:69 ] - Mapped URL path [/v2/api-docs] onto method [springfox.documentation.swagger2.web.Swagger2Controller#getDocumentation(String, HttpServletRequest)]
2022-02-21 03:03:14,194 [main] WARN  c.n.c.sources.URLConfigurationSource [Line:121] - No URLs will be polled as dynamic configuration sources.
2022-02-21 03:03:14,194 [main] INFO  c.n.c.sources.URLConfigurationSource [Line:122] - To enable URLs as dynamic configuration sources, define System property archaius.configurationSource.additionalUrls or make config.properties available on classpath.
2022-02-21 03:03:14,198 [main] WARN  c.n.c.sources.URLConfigurationSource [Line:121] - No URLs will be polled as dynamic configuration sources.
2022-02-21 03:03:14,198 [main] INFO  c.n.c.sources.URLConfigurationSource [Line:122] - To enable URLs as dynamic configuration sources, define System property archaius.configurationSource.additionalUrls or make config.properties available on classpath.
2022-02-21 03:03:14,349 [main] INFO  o.s.s.c.ThreadPoolTaskExecutor [Line:181] - Initializing ExecutorService 'applicationTaskExecutor'
2022-02-21 03:03:15,536 [main] INFO  o.s.s.c.ThreadPoolTaskScheduler [Line:181] - Initializing ExecutorService 'taskScheduler'
2022-02-21 03:03:16,507 [main] INFO  o.a.coyote.http11.Http11NioProtocol [Line:173] - Starting ProtocolHandler ["http-nio-8002"]
2022-02-21 03:03:16,528 [main] INFO  o.s.b.w.e.tomcat.TomcatWebServer [Line:220] - Tomcat started on port(s): 8002 (http) with context path ''
2022-02-21 03:03:16,578 [main] INFO  c.a.c.n.r.NacosServiceRegistry [Line:71 ] - nacos registry, DEFAULT_GROUP service-core 192.168.0.1:8002 register finished
2022-02-21 03:03:17,208 [main] INFO  s.d.s.w.p.DocumentationPluginsBootstrapper [Line:160] - Context refreshed
2022-02-21 03:03:17,221 [main] INFO  s.d.s.w.p.DocumentationPluginsBootstrapper [Line:163] - Found 1 custom documentation plugin(s)
2022-02-21 03:03:17,256 [main] INFO  s.d.s.w.s.ApiListingReferenceScanner [Line:41 ] - Scanning for api listing references
2022-02-21 03:03:17,384 [main] INFO  s.d.s.w.r.o.CachingOperationNameGenerator [Line:40 ] - Generating unique operation named: getByIdUsingGET_1
2022-02-21 03:03:17,414 [main] INFO  s.d.s.w.r.o.CachingOperationNameGenerator [Line:40 ] - Generating unique operation named: getByIdUsingGET_2
2022-02-21 03:03:17,419 [main] INFO  s.d.s.w.r.o.CachingOperationNameGenerator [Line:40 ] - Generating unique operation named: listByTopUsingPOST_1
2022-02-21 03:03:17,422 [main] INFO  s.d.s.w.r.o.CachingOperationNameGenerator [Line:40 ] - Generating unique operation named: removeByIdUsingDELETE_1
2022-02-21 03:03:17,432 [main] INFO  s.d.s.w.r.o.CachingOperationNameGenerator [Line:40 ] - Generating unique operation named: updateUsingPUT_1
2022-02-21 03:03:17,441 [main] INFO  s.d.s.w.r.o.CachingOperationNameGenerator [Line:40 ] - Generating unique operation named: getByIdUsingGET_3
2022-02-21 03:03:17,451 [main] INFO  s.d.s.w.r.o.CachingOperationNameGenerator [Line:40 ] - Generating unique operation named: listByTopUsingPOST_2
2022-02-21 03:03:17,452 [main] INFO  s.d.s.w.r.o.CachingOperationNameGenerator [Line:40 ] - Generating unique operation named: removeByIdUsingDELETE_2
2022-02-21 03:03:17,465 [main] INFO  s.d.s.w.r.o.CachingOperationNameGenerator [Line:40 ] - Generating unique operation named: updateTopicByIdUsingPUT_1
2022-02-21 03:03:17,468 [main] INFO  s.d.s.w.r.o.CachingOperationNameGenerator [Line:40 ] - Generating unique operation named: getByIdUsingGET_4
2022-02-21 03:03:17,472 [main] INFO  s.d.s.w.r.o.CachingOperationNameGenerator [Line:40 ] - Generating unique operation named: listByTopUsingPOST_3
2022-02-21 03:03:17,474 [main] INFO  s.d.s.w.r.o.CachingOperationNameGenerator [Line:40 ] - Generating unique operation named: removeByIdUsingDELETE_3
2022-02-21 03:03:17,486 [main] INFO  s.d.s.w.r.o.CachingOperationNameGenerator [Line:40 ] - Generating unique operation named: updateUsingPUT_2
2022-02-21 03:03:17,488 [main] INFO  s.d.s.w.r.o.CachingOperationNameGenerator [Line:40 ] - Generating unique operation named: getByIdUsingGET_5
2022-02-21 03:03:17,494 [main] INFO  s.d.s.w.r.o.CachingOperationNameGenerator [Line:40 ] - Generating unique operation named: removeByIdUsingDELETE_4
2022-02-21 03:03:17,506 [main] INFO  s.d.s.w.r.o.CachingOperationNameGenerator [Line:40 ] - Generating unique operation named: saveSubjectUsingPOST_1
2022-02-21 03:03:17,508 [main] INFO  s.d.s.w.r.o.CachingOperationNameGenerator [Line:40 ] - Generating unique operation named: updateUsingPUT_3
2022-02-21 03:03:17,550 [main] INFO  s.d.s.w.r.o.CachingOperationNameGenerator [Line:40 ] - Generating unique operation named: listSubjectUsingGET_1
2022-02-21 03:03:17,562 [main] INFO  s.d.s.w.r.o.CachingOperationNameGenerator [Line:40 ] - Generating unique operation named: getFrontPaperListUsingPOST_1
2022-02-21 03:03:17,566 [main] INFO  s.d.s.w.r.o.CachingOperationNameGenerator [Line:40 ] - Generating unique operation named: getByIdUsingGET_6
2022-02-21 03:03:17,588 [main] INFO  s.d.s.w.r.o.CachingOperationNameGenerator [Line:40 ] - Generating unique operation named: getWebConfigUsingGET_1
2022-02-21 03:03:17,614 [main] INFO  com.jzj.core.CoreApplication [Line:61 ] - Started CoreApplication in 10.221 seconds (JVM running for 11.736)
2022-02-21 03:03:58,525 [http-nio-8002-exec-1] INFO  o.a.c.c.C.[Tomcat].[localhost].[/] [Line:173] - Initializing Spring DispatcherServlet 'dispatcherServlet'
2022-02-21 03:03:58,525 [http-nio-8002-exec-1] INFO  o.s.web.servlet.DispatcherServlet [Line:525] - Initializing Servlet 'dispatcherServlet'
2022-02-21 03:03:58,534 [http-nio-8002-exec-1] INFO  o.s.web.servlet.DispatcherServlet [Line:547] - Completed initialization in 9 ms
2022-02-21 03:03:58,719 [http-nio-8002-exec-1] INFO  com.zaxxer.hikari.HikariDataSource [Line:110] - HikariPool-1 - Starting...
2022-02-21 03:03:59,384 [http-nio-8002-exec-1] INFO  com.zaxxer.hikari.HikariDataSource [Line:123] - HikariPool-1 - Start completed.
2022-02-21 03:33:15,486 [http-nio-8002-exec-10] WARN  com.zaxxer.hikari.pool.PoolBase [Line:184] - HikariPool-1 - Failed to validate connection com.mysql.cj.jdbc.ConnectionImpl@4078185c (No operations allowed after connection closed.). Possibly consider using a shorter maxLifetime value.
2022-02-21 03:33:20,489 [http-nio-8002-exec-10] WARN  com.zaxxer.hikari.pool.PoolBase [Line:184] - HikariPool-1 - Failed to validate connection com.mysql.cj.jdbc.ConnectionImpl@705269c3 (No operations allowed after connection closed.). Possibly consider using a shorter maxLifetime value.
2022-02-21 03:33:25,491 [http-nio-8002-exec-10] WARN  com.zaxxer.hikari.pool.PoolBase [Line:184] - HikariPool-1 - Failed to validate connection com.mysql.cj.jdbc.ConnectionImpl@316f63f8 (No operations allowed after connection closed.). Possibly consider using a shorter maxLifetime value.
2022-02-21 03:33:28,720 [http-nio-8002-exec-5] WARN  com.zaxxer.hikari.pool.PoolBase [Line:184] - HikariPool-1 - Failed to validate connection com.mysql.cj.jdbc.ConnectionImpl@94d2eb (No operations allowed after connection closed.). Possibly consider using a shorter maxLifetime value.
2022-02-21 03:33:30,493 [http-nio-8002-exec-10] WARN  com.zaxxer.hikari.pool.PoolBase [Line:184] - HikariPool-1 - Failed to validate connection com.mysql.cj.jdbc.ConnectionImpl@51409cb7 (No operations allowed after connection closed.). Possibly consider using a shorter maxLifetime value.
2022-02-21 03:33:33,722 [http-nio-8002-exec-5] WARN  com.zaxxer.hikari.pool.PoolBase [Line:184] - HikariPool-1 - Failed to validate connection com.mysql.cj.jdbc.ConnectionImpl@49a9f3a8 (No operations allowed after connection closed.). Possibly consider using a shorter maxLifetime value.
2022-02-21 03:33:35,495 [http-nio-8002-exec-10] WARN  com.zaxxer.hikari.pool.PoolBase [Line:184] - HikariPool-1 - Failed to validate connection com.mysql.cj.jdbc.ConnectionImpl@550ea146 (No operations allowed after connection closed.). Possibly consider using a shorter maxLifetime value.
2022-02-21 03:33:38,723 [http-nio-8002-exec-5] WARN  com.zaxxer.hikari.pool.PoolBase [Line:184] - HikariPool-1 - Failed to validate connection com.mysql.cj.jdbc.ConnectionImpl@571a681f (No operations allowed after connection closed.). Possibly consider using a shorter maxLifetime value.
2022-02-21 03:34:06,688 [SpringContextShutdownHook] INFO  o.s.s.c.ThreadPoolTaskScheduler [Line:218] - Shutting down ExecutorService 'taskScheduler'
2022-02-21 03:34:06,689 [SpringContextShutdownHook] INFO  c.a.c.n.r.NacosServiceRegistry [Line:86 ] - De-registering from Nacos Server now...
2022-02-21 03:34:06,731 [SpringContextShutdownHook] INFO  c.a.c.n.r.NacosServiceRegistry [Line:106] - De-registration finished.
2022-02-21 03:34:18,278 [SpringContextShutdownHook] INFO  o.s.s.c.ThreadPoolTaskExecutor [Line:218] - Shutting down ExecutorService 'applicationTaskExecutor'
2022-02-21 03:34:18,298 [SpringContextShutdownHook] INFO  com.zaxxer.hikari.HikariDataSource [Line:350] - HikariPool-1 - Shutdown initiated...
2022-02-21 03:34:18,301 [SpringContextShutdownHook] INFO  com.zaxxer.hikari.HikariDataSource [Line:352] - HikariPool-1 - Shutdown completed.
2022-02-21 03:34:33,975 [main] INFO  com.jzj.core.CoreApplication [Line:655] - The following profiles are active: dev
2022-02-21 03:34:35,254 [main] INFO  o.s.d.r.c.RepositoryConfigurationDelegate [Line:249] - Multiple Spring Data modules found, entering strict repository configuration mode!
2022-02-21 03:34:35,257 [main] INFO  o.s.d.r.c.RepositoryConfigurationDelegate [Line:127] - Bootstrapping Spring Data Redis repositories in DEFAULT mode.
2022-02-21 03:34:35,303 [main] INFO  o.s.d.r.c.RepositoryConfigurationDelegate [Line:187] - Finished Spring Data repository scanning in 28ms. Found 0 Redis repository interfaces.
2022-02-21 03:34:35,472 [main] WARN  o.m.s.mapper.ClassPathMapperScanner [Line:44 ] - Skipping MapperFactoryBean with name 'dictMapper' and 'com.jzj.core.mapper.DictMapper' mapperInterface. Bean already defined with the same name!
2022-02-21 03:34:35,472 [main] WARN  o.m.s.mapper.ClassPathMapperScanner [Line:44 ] - Skipping MapperFactoryBean with name 'eduPaperMapper' and 'com.jzj.core.mapper.EduPaperMapper' mapperInterface. Bean already defined with the same name!
2022-02-21 03:34:35,472 [main] WARN  o.m.s.mapper.ClassPathMapperScanner [Line:44 ] - Skipping MapperFactoryBean with name 'eduPaperTopicMapper' and 'com.jzj.core.mapper.EduPaperTopicMapper' mapperInterface. Bean already defined with the same name!
2022-02-21 03:34:35,472 [main] WARN  o.m.s.mapper.ClassPathMapperScanner [Line:44 ] - Skipping MapperFactoryBean with name 'eduStatisticsMapper' and 'com.jzj.core.mapper.EduStatisticsMapper' mapperInterface. Bean already defined with the same name!
2022-02-21 03:34:35,472 [main] WARN  o.m.s.mapper.ClassPathMapperScanner [Line:44 ] - Skipping MapperFactoryBean with name 'eduSubjectMapper' and 'com.jzj.core.mapper.EduSubjectMapper' mapperInterface. Bean already defined with the same name!
2022-02-21 03:34:35,472 [main] WARN  o.m.s.mapper.ClassPathMapperScanner [Line:44 ] - Skipping MapperFactoryBean with name 'eduTestPaperRecordsMapper' and 'com.jzj.core.mapper.EduTestPaperRecordsMapper' mapperInterface. Bean already defined with the same name!
2022-02-21 03:34:35,472 [main] WARN  o.m.s.mapper.ClassPathMapperScanner [Line:44 ] - Skipping MapperFactoryBean with name 'eduTestTopicRecordsMapper' and 'com.jzj.core.mapper.EduTestTopicRecordsMapper' mapperInterface. Bean already defined with the same name!
2022-02-21 03:34:35,472 [main] WARN  o.m.s.mapper.ClassPathMapperScanner [Line:44 ] - Skipping MapperFactoryBean with name 'eduTopicContentMapper' and 'com.jzj.core.mapper.EduTopicContentMapper' mapperInterface. Bean already defined with the same name!
2022-02-21 03:34:35,473 [main] WARN  o.m.s.mapper.ClassPathMapperScanner [Line:44 ] - Skipping MapperFactoryBean with name 'eduTopicMapper' and 'com.jzj.core.mapper.EduTopicMapper' mapperInterface. Bean already defined with the same name!
2022-02-21 03:34:35,473 [main] WARN  o.m.s.mapper.ClassPathMapperScanner [Line:44 ] - Skipping MapperFactoryBean with name 'noticeMessageMapper' and 'com.jzj.core.mapper.NoticeMessageMapper' mapperInterface. Bean already defined with the same name!
2022-02-21 03:34:35,473 [main] WARN  o.m.s.mapper.ClassPathMapperScanner [Line:44 ] - Skipping MapperFactoryBean with name 'ucenterMemberMapper' and 'com.jzj.core.mapper.UcenterMemberMapper' mapperInterface. Bean already defined with the same name!
2022-02-21 03:34:35,473 [main] WARN  o.m.s.mapper.ClassPathMapperScanner [Line:44 ] - Skipping MapperFactoryBean with name 'webConfigMapper' and 'com.jzj.core.mapper.WebConfigMapper' mapperInterface. Bean already defined with the same name!
2022-02-21 03:34:35,473 [main] WARN  o.m.s.mapper.ClassPathMapperScanner [Line:44 ] - Skipping MapperFactoryBean with name 'webLogMapper' and 'com.jzj.core.mapper.WebLogMapper' mapperInterface. Bean already defined with the same name!
2022-02-21 03:34:35,473 [main] WARN  o.m.s.mapper.ClassPathMapperScanner [Line:44 ] - No MyBatis mapper was found in '[com.jzj.core.mapper]' package. Please check your configuration.
2022-02-21 03:34:35,529 [main] INFO  o.s.cloud.context.scope.GenericScope [Line:295] - BeanFactory id=1561be07-d5d2-3761-b73b-de268b21e06f
2022-02-21 03:34:35,791 [main] INFO  o.s.c.s.PostProcessorRegistrationDelegate$BeanPostProcessorChecker [Line:335] - Bean 'redisConfig' of type [com.jzj.servicebase.RedisConfig$$EnhancerBySpringCGLIB$$7fb0ea5d] is not eligible for getting processed by all BeanPostProcessors (for example: not eligible for auto-proxying)
2022-02-21 03:34:35,839 [main] INFO  o.s.c.s.PostProcessorRegistrationDelegate$BeanPostProcessorChecker [Line:335] - Bean 'spring.cloud.sentinel-com.alibaba.cloud.sentinel.SentinelProperties' of type [com.alibaba.cloud.sentinel.SentinelProperties] is not eligible for getting processed by all BeanPostProcessors (for example: not eligible for auto-proxying)
2022-02-21 03:34:35,845 [main] INFO  o.s.c.s.PostProcessorRegistrationDelegate$BeanPostProcessorChecker [Line:335] - Bean 'com.alibaba.cloud.sentinel.custom.SentinelAutoConfiguration' of type [com.alibaba.cloud.sentinel.custom.SentinelAutoConfiguration] is not eligible for getting processed by all BeanPostProcessors (for example: not eligible for auto-proxying)
2022-02-21 03:34:36,155 [main] INFO  o.s.b.w.e.tomcat.TomcatWebServer [Line:108] - Tomcat initialized with port(s): 8002 (http)
2022-02-21 03:34:36,165 [main] INFO  o.a.coyote.http11.Http11NioProtocol [Line:173] - Initializing ProtocolHandler ["http-nio-8002"]
2022-02-21 03:34:36,166 [main] INFO  o.a.catalina.core.StandardService [Line:173] - Starting service [Tomcat]
2022-02-21 03:34:36,166 [main] INFO  o.a.catalina.core.StandardEngine [Line:173] - Starting Servlet engine: [Apache Tomcat/9.0.38]
2022-02-21 03:34:36,397 [main] INFO  o.a.c.c.C.[Tomcat].[localhost].[/] [Line:173] - Initializing Spring embedded WebApplicationContext
2022-02-21 03:34:36,397 [main] INFO  o.s.b.w.s.c.ServletWebServerApplicationContext [Line:285] - Root WebApplicationContext: initialization completed in 2398 ms
2022-02-21 03:34:39,484 [main] INFO  c.a.c.s.SentinelWebAutoConfiguration [Line:80 ] - [Sentinel Starter] register SentinelWebInterceptor with urlPatterns: [/**].
2022-02-21 03:34:39,634 [main] INFO  s.d.s.w.PropertySourcedRequestMappingHandlerMapping [Line:69 ] - Mapped URL path [/v2/api-docs] onto method [springfox.documentation.swagger2.web.Swagger2Controller#getDocumentation(String, HttpServletRequest)]
2022-02-21 03:34:39,662 [main] WARN  c.n.c.sources.URLConfigurationSource [Line:121] - No URLs will be polled as dynamic configuration sources.
2022-02-21 03:34:39,662 [main] INFO  c.n.c.sources.URLConfigurationSource [Line:122] - To enable URLs as dynamic configuration sources, define System property archaius.configurationSource.additionalUrls or make config.properties available on classpath.
2022-02-21 03:34:39,666 [main] WARN  c.n.c.sources.URLConfigurationSource [Line:121] - No URLs will be polled as dynamic configuration sources.
2022-02-21 03:34:39,666 [main] INFO  c.n.c.sources.URLConfigurationSource [Line:122] - To enable URLs as dynamic configuration sources, define System property archaius.configurationSource.additionalUrls or make config.properties available on classpath.
2022-02-21 03:34:39,824 [main] INFO  o.s.s.c.ThreadPoolTaskExecutor [Line:181] - Initializing ExecutorService 'applicationTaskExecutor'
2022-02-21 03:34:41,144 [main] INFO  o.s.s.c.ThreadPoolTaskScheduler [Line:181] - Initializing ExecutorService 'taskScheduler'
2022-02-21 03:34:42,192 [main] INFO  o.a.coyote.http11.Http11NioProtocol [Line:173] - Starting ProtocolHandler ["http-nio-8002"]
2022-02-21 03:34:42,214 [main] INFO  o.s.b.w.e.tomcat.TomcatWebServer [Line:220] - Tomcat started on port(s): 8002 (http) with context path ''
2022-02-21 03:34:42,264 [main] INFO  c.a.c.n.r.NacosServiceRegistry [Line:71 ] - nacos registry, DEFAULT_GROUP service-core 192.168.0.1:8002 register finished
2022-02-21 03:34:43,008 [main] INFO  s.d.s.w.p.DocumentationPluginsBootstrapper [Line:160] - Context refreshed
2022-02-21 03:34:43,021 [main] INFO  s.d.s.w.p.DocumentationPluginsBootstrapper [Line:163] - Found 1 custom documentation plugin(s)
2022-02-21 03:34:43,060 [main] INFO  s.d.s.w.s.ApiListingReferenceScanner [Line:41 ] - Scanning for api listing references
2022-02-21 03:34:43,210 [main] INFO  s.d.s.w.r.o.CachingOperationNameGenerator [Line:40 ] - Generating unique operation named: getByIdUsingGET_1
2022-02-21 03:34:43,247 [main] INFO  s.d.s.w.r.o.CachingOperationNameGenerator [Line:40 ] - Generating unique operation named: getByIdUsingGET_2
2022-02-21 03:34:43,252 [main] INFO  s.d.s.w.r.o.CachingOperationNameGenerator [Line:40 ] - Generating unique operation named: listByTopUsingPOST_1
2022-02-21 03:34:43,257 [main] INFO  s.d.s.w.r.o.CachingOperationNameGenerator [Line:40 ] - Generating unique operation named: removeByIdUsingDELETE_1
2022-02-21 03:34:43,266 [main] INFO  s.d.s.w.r.o.CachingOperationNameGenerator [Line:40 ] - Generating unique operation named: updateUsingPUT_1
2022-02-21 03:34:43,276 [main] INFO  s.d.s.w.r.o.CachingOperationNameGenerator [Line:40 ] - Generating unique operation named: getByIdUsingGET_3
2022-02-21 03:34:43,285 [main] INFO  s.d.s.w.r.o.CachingOperationNameGenerator [Line:40 ] - Generating unique operation named: listByTopUsingPOST_2
2022-02-21 03:34:43,287 [main] INFO  s.d.s.w.r.o.CachingOperationNameGenerator [Line:40 ] - Generating unique operation named: removeByIdUsingDELETE_2
2022-02-21 03:34:43,301 [main] INFO  s.d.s.w.r.o.CachingOperationNameGenerator [Line:40 ] - Generating unique operation named: updateTopicByIdUsingPUT_1
2022-02-21 03:34:43,305 [main] INFO  s.d.s.w.r.o.CachingOperationNameGenerator [Line:40 ] - Generating unique operation named: getByIdUsingGET_4
2022-02-21 03:34:43,310 [main] INFO  s.d.s.w.r.o.CachingOperationNameGenerator [Line:40 ] - Generating unique operation named: listByTopUsingPOST_3
2022-02-21 03:34:43,311 [main] INFO  s.d.s.w.r.o.CachingOperationNameGenerator [Line:40 ] - Generating unique operation named: removeByIdUsingDELETE_3
2022-02-21 03:34:43,325 [main] INFO  s.d.s.w.r.o.CachingOperationNameGenerator [Line:40 ] - Generating unique operation named: updateUsingPUT_2
2022-02-21 03:34:43,327 [main] INFO  s.d.s.w.r.o.CachingOperationNameGenerator [Line:40 ] - Generating unique operation named: getByIdUsingGET_5
2022-02-21 03:34:43,334 [main] INFO  s.d.s.w.r.o.CachingOperationNameGenerator [Line:40 ] - Generating unique operation named: removeByIdUsingDELETE_4
2022-02-21 03:34:43,348 [main] INFO  s.d.s.w.r.o.CachingOperationNameGenerator [Line:40 ] - Generating unique operation named: saveSubjectUsingPOST_1
2022-02-21 03:34:43,351 [main] INFO  s.d.s.w.r.o.CachingOperationNameGenerator [Line:40 ] - Generating unique operation named: updateUsingPUT_3
2022-02-21 03:34:43,400 [main] INFO  s.d.s.w.r.o.CachingOperationNameGenerator [Line:40 ] - Generating unique operation named: listSubjectUsingGET_1
2022-02-21 03:34:43,411 [main] INFO  s.d.s.w.r.o.CachingOperationNameGenerator [Line:40 ] - Generating unique operation named: getFrontPaperListUsingPOST_1
2022-02-21 03:34:43,415 [main] INFO  s.d.s.w.r.o.CachingOperationNameGenerator [Line:40 ] - Generating unique operation named: getByIdUsingGET_6
2022-02-21 03:34:43,440 [main] INFO  s.d.s.w.r.o.CachingOperationNameGenerator [Line:40 ] - Generating unique operation named: getWebConfigUsingGET_1
2022-02-21 03:34:43,469 [main] INFO  com.jzj.core.CoreApplication [Line:61 ] - Started CoreApplication in 12.442 seconds (JVM running for 14.647)
2022-02-21 03:35:03,723 [http-nio-8002-exec-1] INFO  o.a.c.c.C.[Tomcat].[localhost].[/] [Line:173] - Initializing Spring DispatcherServlet 'dispatcherServlet'
2022-02-21 03:35:03,723 [http-nio-8002-exec-1] INFO  o.s.web.servlet.DispatcherServlet [Line:525] - Initializing Servlet 'dispatcherServlet'
2022-02-21 03:35:03,735 [http-nio-8002-exec-1] INFO  o.s.web.servlet.DispatcherServlet [Line:547] - Completed initialization in 11 ms
2022-02-21 03:35:03,937 [http-nio-8002-exec-1] INFO  com.zaxxer.hikari.HikariDataSource [Line:110] - HikariPool-1 - Starting...
2022-02-21 03:35:04,667 [http-nio-8002-exec-1] INFO  com.zaxxer.hikari.HikariDataSource [Line:123] - HikariPool-1 - Start completed.
2022-02-21 03:41:42,181 [SpringContextShutdownHook] INFO  o.s.s.c.ThreadPoolTaskScheduler [Line:218] - Shutting down ExecutorService 'taskScheduler'
2022-02-21 03:41:42,182 [SpringContextShutdownHook] INFO  c.a.c.n.r.NacosServiceRegistry [Line:86 ] - De-registering from Nacos Server now...
2022-02-21 03:41:42,232 [SpringContextShutdownHook] INFO  c.a.c.n.r.NacosServiceRegistry [Line:106] - De-registration finished.
2022-02-21 03:41:54,246 [SpringContextShutdownHook] INFO  o.s.s.c.ThreadPoolTaskExecutor [Line:218] - Shutting down ExecutorService 'applicationTaskExecutor'
2022-02-21 03:41:54,364 [SpringContextShutdownHook] INFO  com.zaxxer.hikari.HikariDataSource [Line:350] - HikariPool-1 - Shutdown initiated...
2022-02-21 03:41:54,372 [SpringContextShutdownHook] INFO  com.zaxxer.hikari.HikariDataSource [Line:352] - HikariPool-1 - Shutdown completed.
2022-02-21 03:42:12,513 [main] INFO  com.jzj.core.CoreApplication [Line:655] - The following profiles are active: dev
2022-02-21 03:42:14,139 [main] INFO  o.s.d.r.c.RepositoryConfigurationDelegate [Line:249] - Multiple Spring Data modules found, entering strict repository configuration mode!
2022-02-21 03:42:14,141 [main] INFO  o.s.d.r.c.RepositoryConfigurationDelegate [Line:127] - Bootstrapping Spring Data Redis repositories in DEFAULT mode.
2022-02-21 03:42:14,213 [main] INFO  o.s.d.r.c.RepositoryConfigurationDelegate [Line:187] - Finished Spring Data repository scanning in 34ms. Found 0 Redis repository interfaces.
2022-02-21 03:42:14,373 [main] WARN  o.m.s.mapper.ClassPathMapperScanner [Line:44 ] - Skipping MapperFactoryBean with name 'dictMapper' and 'com.jzj.core.mapper.DictMapper' mapperInterface. Bean already defined with the same name!
2022-02-21 03:42:14,373 [main] WARN  o.m.s.mapper.ClassPathMapperScanner [Line:44 ] - Skipping MapperFactoryBean with name 'eduPaperMapper' and 'com.jzj.core.mapper.EduPaperMapper' mapperInterface. Bean already defined with the same name!
2022-02-21 03:42:14,373 [main] WARN  o.m.s.mapper.ClassPathMapperScanner [Line:44 ] - Skipping MapperFactoryBean with name 'eduPaperTopicMapper' and 'com.jzj.core.mapper.EduPaperTopicMapper' mapperInterface. Bean already defined with the same name!
2022-02-21 03:42:14,373 [main] WARN  o.m.s.mapper.ClassPathMapperScanner [Line:44 ] - Skipping MapperFactoryBean with name 'eduStatisticsMapper' and 'com.jzj.core.mapper.EduStatisticsMapper' mapperInterface. Bean already defined with the same name!
2022-02-21 03:42:14,373 [main] WARN  o.m.s.mapper.ClassPathMapperScanner [Line:44 ] - Skipping MapperFactoryBean with name 'eduSubjectMapper' and 'com.jzj.core.mapper.EduSubjectMapper' mapperInterface. Bean already defined with the same name!
2022-02-21 03:42:14,373 [main] WARN  o.m.s.mapper.ClassPathMapperScanner [Line:44 ] - Skipping MapperFactoryBean with name 'eduTestPaperRecordsMapper' and 'com.jzj.core.mapper.EduTestPaperRecordsMapper' mapperInterface. Bean already defined with the same name!
2022-02-21 03:42:14,373 [main] WARN  o.m.s.mapper.ClassPathMapperScanner [Line:44 ] - Skipping MapperFactoryBean with name 'eduTestTopicRecordsMapper' and 'com.jzj.core.mapper.EduTestTopicRecordsMapper' mapperInterface. Bean already defined with the same name!
2022-02-21 03:42:14,374 [main] WARN  o.m.s.mapper.ClassPathMapperScanner [Line:44 ] - Skipping MapperFactoryBean with name 'eduTopicContentMapper' and 'com.jzj.core.mapper.EduTopicContentMapper' mapperInterface. Bean already defined with the same name!
2022-02-21 03:42:14,374 [main] WARN  o.m.s.mapper.ClassPathMapperScanner [Line:44 ] - Skipping MapperFactoryBean with name 'eduTopicMapper' and 'com.jzj.core.mapper.EduTopicMapper' mapperInterface. Bean already defined with the same name!
2022-02-21 03:42:14,374 [main] WARN  o.m.s.mapper.ClassPathMapperScanner [Line:44 ] - Skipping MapperFactoryBean with name 'noticeMessageMapper' and 'com.jzj.core.mapper.NoticeMessageMapper' mapperInterface. Bean already defined with the same name!
2022-02-21 03:42:14,374 [main] WARN  o.m.s.mapper.ClassPathMapperScanner [Line:44 ] - Skipping MapperFactoryBean with name 'ucenterMemberMapper' and 'com.jzj.core.mapper.UcenterMemberMapper' mapperInterface. Bean already defined with the same name!
2022-02-21 03:42:14,374 [main] WARN  o.m.s.mapper.ClassPathMapperScanner [Line:44 ] - Skipping MapperFactoryBean with name 'webConfigMapper' and 'com.jzj.core.mapper.WebConfigMapper' mapperInterface. Bean already defined with the same name!
2022-02-21 03:42:14,374 [main] WARN  o.m.s.mapper.ClassPathMapperScanner [Line:44 ] - Skipping MapperFactoryBean with name 'webLogMapper' and 'com.jzj.core.mapper.WebLogMapper' mapperInterface. Bean already defined with the same name!
2022-02-21 03:42:14,374 [main] WARN  o.m.s.mapper.ClassPathMapperScanner [Line:44 ] - No MyBatis mapper was found in '[com.jzj.core.mapper]' package. Please check your configuration.
2022-02-21 03:42:14,439 [main] INFO  o.s.cloud.context.scope.GenericScope [Line:295] - BeanFactory id=1561be07-d5d2-3761-b73b-de268b21e06f
2022-02-21 03:42:14,832 [main] INFO  o.s.c.s.PostProcessorRegistrationDelegate$BeanPostProcessorChecker [Line:335] - Bean 'redisConfig' of type [com.jzj.servicebase.RedisConfig$$EnhancerBySpringCGLIB$$7fb0ea5d] is not eligible for getting processed by all BeanPostProcessors (for example: not eligible for auto-proxying)
2022-02-21 03:42:14,891 [main] INFO  o.s.c.s.PostProcessorRegistrationDelegate$BeanPostProcessorChecker [Line:335] - Bean 'spring.cloud.sentinel-com.alibaba.cloud.sentinel.SentinelProperties' of type [com.alibaba.cloud.sentinel.SentinelProperties] is not eligible for getting processed by all BeanPostProcessors (for example: not eligible for auto-proxying)
2022-02-21 03:42:14,897 [main] INFO  o.s.c.s.PostProcessorRegistrationDelegate$BeanPostProcessorChecker [Line:335] - Bean 'com.alibaba.cloud.sentinel.custom.SentinelAutoConfiguration' of type [com.alibaba.cloud.sentinel.custom.SentinelAutoConfiguration] is not eligible for getting processed by all BeanPostProcessors (for example: not eligible for auto-proxying)
2022-02-21 03:42:15,437 [main] INFO  o.s.b.w.e.tomcat.TomcatWebServer [Line:108] - Tomcat initialized with port(s): 8002 (http)
2022-02-21 03:42:15,453 [main] INFO  o.a.coyote.http11.Http11NioProtocol [Line:173] - Initializing ProtocolHandler ["http-nio-8002"]
2022-02-21 03:42:15,454 [main] INFO  o.a.catalina.core.StandardService [Line:173] - Starting service [Tomcat]
2022-02-21 03:42:15,454 [main] INFO  o.a.catalina.core.StandardEngine [Line:173] - Starting Servlet engine: [Apache Tomcat/9.0.38]
2022-02-21 03:42:15,883 [main] INFO  o.a.c.c.C.[Tomcat].[localhost].[/] [Line:173] - Initializing Spring embedded WebApplicationContext
2022-02-21 03:42:15,883 [main] INFO  o.s.b.w.s.c.ServletWebServerApplicationContext [Line:285] - Root WebApplicationContext: initialization completed in 3342 ms
2022-02-21 03:42:20,740 [main] INFO  c.a.c.s.SentinelWebAutoConfiguration [Line:80 ] - [Sentinel Starter] register SentinelWebInterceptor with urlPatterns: [/**].
2022-02-21 03:42:20,911 [main] INFO  s.d.s.w.PropertySourcedRequestMappingHandlerMapping [Line:69 ] - Mapped URL path [/v2/api-docs] onto method [springfox.documentation.swagger2.web.Swagger2Controller#getDocumentation(String, HttpServletRequest)]
2022-02-21 03:42:20,948 [main] WARN  c.n.c.sources.URLConfigurationSource [Line:121] - No URLs will be polled as dynamic configuration sources.
2022-02-21 03:42:20,948 [main] INFO  c.n.c.sources.URLConfigurationSource [Line:122] - To enable URLs as dynamic configuration sources, define System property archaius.configurationSource.additionalUrls or make config.properties available on classpath.
2022-02-21 03:42:20,953 [main] WARN  c.n.c.sources.URLConfigurationSource [Line:121] - No URLs will be polled as dynamic configuration sources.
2022-02-21 03:42:20,954 [main] INFO  c.n.c.sources.URLConfigurationSource [Line:122] - To enable URLs as dynamic configuration sources, define System property archaius.configurationSource.additionalUrls or make config.properties available on classpath.
2022-02-21 03:42:21,162 [main] INFO  o.s.s.c.ThreadPoolTaskExecutor [Line:181] - Initializing ExecutorService 'applicationTaskExecutor'
2022-02-21 03:42:22,620 [main] INFO  o.s.s.c.ThreadPoolTaskScheduler [Line:181] - Initializing ExecutorService 'taskScheduler'
2022-02-21 03:42:23,801 [main] INFO  o.a.coyote.http11.Http11NioProtocol [Line:173] - Starting ProtocolHandler ["http-nio-8002"]
2022-02-21 03:42:23,824 [main] INFO  o.s.b.w.e.tomcat.TomcatWebServer [Line:220] - Tomcat started on port(s): 8002 (http) with context path ''
2022-02-21 03:42:23,883 [main] INFO  c.a.c.n.r.NacosServiceRegistry [Line:71 ] - nacos registry, DEFAULT_GROUP service-core 192.168.0.1:8002 register finished
2022-02-21 03:42:24,621 [main] INFO  s.d.s.w.p.DocumentationPluginsBootstrapper [Line:160] - Context refreshed
2022-02-21 03:42:24,636 [main] INFO  s.d.s.w.p.DocumentationPluginsBootstrapper [Line:163] - Found 1 custom documentation plugin(s)
2022-02-21 03:42:24,677 [main] INFO  s.d.s.w.s.ApiListingReferenceScanner [Line:41 ] - Scanning for api listing references
2022-02-21 03:42:24,825 [main] INFO  s.d.s.w.r.o.CachingOperationNameGenerator [Line:40 ] - Generating unique operation named: getByIdUsingGET_1
2022-02-21 03:42:24,859 [main] INFO  s.d.s.w.r.o.CachingOperationNameGenerator [Line:40 ] - Generating unique operation named: getByIdUsingGET_2
2022-02-21 03:42:24,865 [main] INFO  s.d.s.w.r.o.CachingOperationNameGenerator [Line:40 ] - Generating unique operation named: listByTopUsingPOST_1
2022-02-21 03:42:24,869 [main] INFO  s.d.s.w.r.o.CachingOperationNameGenerator [Line:40 ] - Generating unique operation named: removeByIdUsingDELETE_1
2022-02-21 03:42:24,879 [main] INFO  s.d.s.w.r.o.CachingOperationNameGenerator [Line:40 ] - Generating unique operation named: updateUsingPUT_1
2022-02-21 03:42:24,889 [main] INFO  s.d.s.w.r.o.CachingOperationNameGenerator [Line:40 ] - Generating unique operation named: getByIdUsingGET_3
2022-02-21 03:42:24,898 [main] INFO  s.d.s.w.r.o.CachingOperationNameGenerator [Line:40 ] - Generating unique operation named: listByTopUsingPOST_2
2022-02-21 03:42:24,900 [main] INFO  s.d.s.w.r.o.CachingOperationNameGenerator [Line:40 ] - Generating unique operation named: removeByIdUsingDELETE_2
2022-02-21 03:42:24,913 [main] INFO  s.d.s.w.r.o.CachingOperationNameGenerator [Line:40 ] - Generating unique operation named: updateTopicByIdUsingPUT_1
2022-02-21 03:42:24,917 [main] INFO  s.d.s.w.r.o.CachingOperationNameGenerator [Line:40 ] - Generating unique operation named: getByIdUsingGET_4
2022-02-21 03:42:24,923 [main] INFO  s.d.s.w.r.o.CachingOperationNameGenerator [Line:40 ] - Generating unique operation named: listByTopUsingPOST_3
2022-02-21 03:42:24,924 [main] INFO  s.d.s.w.r.o.CachingOperationNameGenerator [Line:40 ] - Generating unique operation named: removeByIdUsingDELETE_3
2022-02-21 03:42:24,937 [main] INFO  s.d.s.w.r.o.CachingOperationNameGenerator [Line:40 ] - Generating unique operation named: updateUsingPUT_2
2022-02-21 03:42:24,939 [main] INFO  s.d.s.w.r.o.CachingOperationNameGenerator [Line:40 ] - Generating unique operation named: getByIdUsingGET_5
2022-02-21 03:42:24,945 [main] INFO  s.d.s.w.r.o.CachingOperationNameGenerator [Line:40 ] - Generating unique operation named: removeByIdUsingDELETE_4
2022-02-21 03:42:24,958 [main] INFO  s.d.s.w.r.o.CachingOperationNameGenerator [Line:40 ] - Generating unique operation named: saveSubjectUsingPOST_1
2022-02-21 03:42:24,960 [main] INFO  s.d.s.w.r.o.CachingOperationNameGenerator [Line:40 ] - Generating unique operation named: updateUsingPUT_3
2022-02-21 03:42:25,005 [main] INFO  s.d.s.w.r.o.CachingOperationNameGenerator [Line:40 ] - Generating unique operation named: listSubjectUsingGET_1
2022-02-21 03:42:25,016 [main] INFO  s.d.s.w.r.o.CachingOperationNameGenerator [Line:40 ] - Generating unique operation named: getFrontPaperListUsingPOST_1
2022-02-21 03:42:25,019 [main] INFO  s.d.s.w.r.o.CachingOperationNameGenerator [Line:40 ] - Generating unique operation named: getByIdUsingGET_6
2022-02-21 03:42:25,043 [main] INFO  s.d.s.w.r.o.CachingOperationNameGenerator [Line:40 ] - Generating unique operation named: getWebConfigUsingGET_1
2022-02-21 03:42:25,072 [main] INFO  com.jzj.core.CoreApplication [Line:61 ] - Started CoreApplication in 16.275 seconds (JVM running for 19.765)
2022-02-21 03:43:40,610 [http-nio-8002-exec-4] INFO  o.a.c.c.C.[Tomcat].[localhost].[/] [Line:173] - Initializing Spring DispatcherServlet 'dispatcherServlet'
2022-02-21 03:43:40,611 [http-nio-8002-exec-4] INFO  o.s.web.servlet.DispatcherServlet [Line:525] - Initializing Servlet 'dispatcherServlet'
2022-02-21 03:43:40,621 [http-nio-8002-exec-4] INFO  o.s.web.servlet.DispatcherServlet [Line:547] - Completed initialization in 10 ms
2022-02-21 03:43:40,778 [http-nio-8002-exec-4] INFO  com.zaxxer.hikari.HikariDataSource [Line:110] - HikariPool-1 - Starting...
2022-02-21 03:43:41,502 [http-nio-8002-exec-4] INFO  com.zaxxer.hikari.HikariDataSource [Line:123] - HikariPool-1 - Start completed.
2022-02-21 03:46:18,002 [http-nio-8002-exec-9] ERROR c.j.s.e.GlobalExceptionHandler [Line:54 ] - BusinessException(code=20001, message=)
	at com.jzj.core.service.impl.UcenterMemberServiceImpl.login(UcenterMemberServiceImpl.java:53)
	at com.jzj.core.service.impl.UcenterMemberServiceImpl$$FastClassBySpringCGLIB$$1e6da898.invoke(<generated>)
	at org.springframework.cglib.proxy.MethodProxy.invoke(MethodProxy.java:218)
	at org.springframework.aop.framework.CglibAopProxy$DynamicAdvisedInterceptor.intercept(CglibAopProxy.java:687)
	at com.jzj.core.service.impl.UcenterMemberServiceImpl$$EnhancerBySpringCGLIB$$dfe8b92c.login(<generated>)
	at com.jzj.core.controller.front.UcenterMemberController.login(UcenterMemberController.java:34)
	at com.jzj.core.controller.front.UcenterMemberController$$FastClassBySpringCGLIB$$a1218fb7.invoke(<generated>)
	at org.springframework.cglib.proxy.MethodProxy.invoke(MethodProxy.java:218)
	at org.springframework.aop.framework.CglibAopProxy$CglibMethodInvocation.invokeJoinpoint(CglibAopProxy.java:771)
	at org.springframework.aop.framework.ReflectiveMethodInvocation.proceed(ReflectiveMethodInvocation.java:163)
	at org.springframework.aop.framework.CglibAopProxy$CglibMethodInvocation.proceed(CglibAopProxy.java:749)
	at org.springframework.aop.framework.adapter.AfterReturningAdviceInterceptor.invoke(AfterReturningAdviceInterceptor.java:55)
	at org.springframework.aop.framework.ReflectiveMethodInvocation.proceed(ReflectiveMethodInvocation.java:186)
	at org.springframework.aop.framework.CglibAopProxy$CglibMethodInvocation.proceed(CglibAopProxy.java:749)
	at org.springframework.aop.framework.adapter.MethodBeforeAdviceInterceptor.invoke(MethodBeforeAdviceInterceptor.java:56)
	at org.springframework.aop.framework.ReflectiveMethodInvocation.proceed(ReflectiveMethodInvocation.java:186)
	at org.springframework.aop.framework.CglibAopProxy$CglibMethodInvocation.proceed(CglibAopProxy.java:749)
	at org.springframework.aop.aspectj.MethodInvocationProceedingJoinPoint.proceed(MethodInvocationProceedingJoinPoint.java:88)
	at com.jzj.core.aspect.WebLogAspect.doAround(WebLogAspect.java:67)
	at sun.reflect.NativeMethodAccessorImpl.invoke0(Native Method)
	at sun.reflect.NativeMethodAccessorImpl.invoke(NativeMethodAccessorImpl.java:62)
	at sun.reflect.DelegatingMethodAccessorImpl.invoke(DelegatingMethodAccessorImpl.java:43)
	at java.lang.reflect.Method.invoke(Method.java:498)
	at org.springframework.aop.aspectj.AbstractAspectJAdvice.invokeAdviceMethodWithGivenArgs(AbstractAspectJAdvice.java:644)
	at org.springframework.aop.aspectj.AbstractAspectJAdvice.invokeAdviceMethod(AbstractAspectJAdvice.java:633)
	at org.springframework.aop.aspectj.AspectJAroundAdvice.invoke(AspectJAroundAdvice.java:70)
	at org.springframework.aop.framework.ReflectiveMethodInvocation.proceed(ReflectiveMethodInvocation.java:186)
	at org.springframework.aop.framework.CglibAopProxy$CglibMethodInvocation.proceed(CglibAopProxy.java:749)
	at org.springframework.aop.interceptor.ExposeInvocationInterceptor.invoke(ExposeInvocationInterceptor.java:95)
	at org.springframework.aop.framework.ReflectiveMethodInvocation.proceed(ReflectiveMethodInvocation.java:186)
	at org.springframework.aop.framework.CglibAopProxy$CglibMethodInvocation.proceed(CglibAopProxy.java:749)
	at org.springframework.aop.framework.CglibAopProxy$DynamicAdvisedInterceptor.intercept(CglibAopProxy.java:691)
	at com.jzj.core.controller.front.UcenterMemberController$$EnhancerBySpringCGLIB$$990fe752.login(<generated>)
	at sun.reflect.NativeMethodAccessorImpl.invoke0(Native Method)
	at sun.reflect.NativeMethodAccessorImpl.invoke(NativeMethodAccessorImpl.java:62)
	at sun.reflect.DelegatingMethodAccessorImpl.invoke(DelegatingMethodAccessorImpl.java:43)
	at java.lang.reflect.Method.invoke(Method.java:498)
	at org.springframework.web.method.support.InvocableHandlerMethod.doInvoke(InvocableHandlerMethod.java:190)
	at org.springframework.web.method.support.InvocableHandlerMethod.invokeForRequest(InvocableHandlerMethod.java:138)
	at org.springframework.web.servlet.mvc.method.annotation.ServletInvocableHandlerMethod.invokeAndHandle(ServletInvocableHandlerMethod.java:105)
	at org.springframework.web.servlet.mvc.method.annotation.RequestMappingHandlerAdapter.invokeHandlerMethod(RequestMappingHandlerAdapter.java:878)
	at org.springframework.web.servlet.mvc.method.annotation.RequestMappingHandlerAdapter.handleInternal(RequestMappingHandlerAdapter.java:792)
	at org.springframework.web.servlet.mvc.method.AbstractHandlerMethodAdapter.handle(AbstractHandlerMethodAdapter.java:87)
	at org.springframework.web.servlet.DispatcherServlet.doDispatch(DispatcherServlet.java:1040)
	at org.springframework.web.servlet.DispatcherServlet.doService(DispatcherServlet.java:943)
	at org.springframework.web.servlet.FrameworkServlet.processRequest(FrameworkServlet.java:1006)
	at org.springframework.web.servlet.FrameworkServlet.doPost(FrameworkServlet.java:909)
	at javax.servlet.http.HttpServlet.service(HttpServlet.java:652)
	at org.springframework.web.servlet.FrameworkServlet.service(FrameworkServlet.java:883)
	at javax.servlet.http.HttpServlet.service(HttpServlet.java:733)
	at org.apache.catalina.core.ApplicationFilterChain.internalDoFilter(ApplicationFilterChain.java:231)
	at org.apache.catalina.core.ApplicationFilterChain.doFilter(ApplicationFilterChain.java:166)
	at org.apache.tomcat.websocket.server.WsFilter.doFilter(WsFilter.java:53)
	at org.apache.catalina.core.ApplicationFilterChain.internalDoFilter(ApplicationFilterChain.java:193)
	at org.apache.catalina.core.ApplicationFilterChain.doFilter(ApplicationFilterChain.java:166)
	at org.springframework.web.filter.RequestContextFilter.doFilterInternal(RequestContextFilter.java:100)
	at org.springframework.web.filter.OncePerRequestFilter.doFilter(OncePerRequestFilter.java:119)
	at org.apache.catalina.core.ApplicationFilterChain.internalDoFilter(ApplicationFilterChain.java:193)
	at org.apache.catalina.core.ApplicationFilterChain.doFilter(ApplicationFilterChain.java:166)
	at org.springframework.web.filter.FormContentFilter.doFilterInternal(FormContentFilter.java:93)
	at org.springframework.web.filter.OncePerRequestFilter.doFilter(OncePerRequestFilter.java:119)
	at org.apache.catalina.core.ApplicationFilterChain.internalDoFilter(ApplicationFilterChain.java:193)
	at org.apache.catalina.core.ApplicationFilterChain.doFilter(ApplicationFilterChain.java:166)
	at org.springframework.web.filter.CharacterEncodingFilter.doFilterInternal(CharacterEncodingFilter.java:201)
	at org.springframework.web.filter.OncePerRequestFilter.doFilter(OncePerRequestFilter.java:119)
	at org.apache.catalina.core.ApplicationFilterChain.internalDoFilter(ApplicationFilterChain.java:193)
	at org.apache.catalina.core.ApplicationFilterChain.doFilter(ApplicationFilterChain.java:166)
	at org.apache.catalina.core.StandardWrapperValve.invoke(StandardWrapperValve.java:202)
	at org.apache.catalina.core.StandardContextValve.invoke(StandardContextValve.java:97)
	at org.apache.catalina.authenticator.AuthenticatorBase.invoke(AuthenticatorBase.java:541)
	at org.apache.catalina.core.StandardHostValve.invoke(StandardHostValve.java:143)
	at org.apache.catalina.valves.ErrorReportValve.invoke(ErrorReportValve.java:92)
	at org.apache.catalina.core.StandardEngineValve.invoke(StandardEngineValve.java:78)
	at org.apache.catalina.connector.CoyoteAdapter.service(CoyoteAdapter.java:343)
	at org.apache.coyote.http11.Http11Processor.service(Http11Processor.java:374)
	at org.apache.coyote.AbstractProcessorLight.process(AbstractProcessorLight.java:65)
	at org.apache.coyote.AbstractProtocol$ConnectionHandler.process(AbstractProtocol.java:868)
	at org.apache.tomcat.util.net.NioEndpoint$SocketProcessor.doRun(NioEndpoint.java:1590)
	at org.apache.tomcat.util.net.SocketProcessorBase.run(SocketProcessorBase.java:49)
	at java.util.concurrent.ThreadPoolExecutor.runWorker(ThreadPoolExecutor.java:1149)
	at java.util.concurrent.ThreadPoolExecutor$Worker.run(ThreadPoolExecutor.java:624)
	at org.apache.tomcat.util.threads.TaskThread$WrappingRunnable.run(TaskThread.java:61)
	at java.lang.Thread.run(Thread.java:748)

2022-02-21 03:59:19,419 [SpringContextShutdownHook] INFO  o.s.s.c.ThreadPoolTaskScheduler [Line:218] - Shutting down ExecutorService 'taskScheduler'
2022-02-21 03:59:19,419 [SpringContextShutdownHook] INFO  c.a.c.n.r.NacosServiceRegistry [Line:86 ] - De-registering from Nacos Server now...
2022-02-21 03:59:19,469 [SpringContextShutdownHook] INFO  c.a.c.n.r.NacosServiceRegistry [Line:106] - De-registration finished.
2022-02-21 03:59:31,485 [SpringContextShutdownHook] INFO  o.s.s.c.ThreadPoolTaskExecutor [Line:218] - Shutting down ExecutorService 'applicationTaskExecutor'
2022-02-21 03:59:31,606 [SpringContextShutdownHook] INFO  com.zaxxer.hikari.HikariDataSource [Line:350] - HikariPool-1 - Shutdown initiated...
2022-02-21 03:59:31,614 [SpringContextShutdownHook] INFO  com.zaxxer.hikari.HikariDataSource [Line:352] - HikariPool-1 - Shutdown completed.
